Using pre-set license
Built from '2020.3/staging' branch; Version is '2020.3.6f1 (338bb68529b2) revision 3378102'; Using compiler version '192528614'; Build Type 'Release'
OS: 'Windows 10 Home Single Language; OS build 19042.985; Version 2009; 64bit' Language: 'en' Physical Memory: 8076 MB
BatchMode: 1, IsHumanControllingUs: 0, StartBugReporterOnCrash: 0, Is64bit: 1, IsPro: 0

 COMMAND LINE ARGUMENTS:
C:\Program Files\Unity\Hub\Editor\2020.3.0f1\Editor\Unity.exe
-adb2
-batchMode
-noUpm
-name
AssetImportWorker0
-projectPath
D:/MS Word files/School/ADMU/3rd year/2nd Sem/ISCS Game Dev/PLATFORMER-AEV
-logFile
Logs/AssetImportWorker0.log
-srvPort
61339
Successfully changed project path to: D:/MS Word files/School/ADMU/3rd year/2nd Sem/ISCS Game Dev/PLATFORMER-AEV
D:/MS Word files/School/ADMU/3rd year/2nd Sem/ISCS Game Dev/PLATFORMER-AEV
Using Asset Import Pipeline V2.
Refreshing native plugins compatible for Editor in 88.20 ms, found 1 plugins.
Preloading 0 native plugins for Editor in 0.00 ms.
Initialize engine version: 2020.3.6f1 (338bb68529b2)
[Subsystems] Discovering subsystems at path C:/Program Files/Unity/Hub/Editor/2020.3.0f1/Editor/Data/Resources/UnitySubsystems
[Subsystems] Discovering subsystems at path D:/MS Word files/School/ADMU/3rd year/2nd Sem/ISCS Game Dev/PLATFORMER-AEV/Assets
GfxDevice: creating device client; threaded=0
Direct3D:
    Version:  Direct3D 11.0 [level 11.1]
    Renderer: NVIDIA GeForce GTX 1050 (ID=0x1c8d)
    Vendor:   
    VRAM:     1979 MB
    Driver:   27.21.14.6589
Initialize mono
Mono path[0] = 'C:/Program Files/Unity/Hub/Editor/2020.3.0f1/Editor/Data/Managed'
Mono path[1] = 'C:/Program Files/Unity/Hub/Editor/2020.3.0f1/Editor/Data/MonoBleedingEdge/lib/mono/unityjit'
Mono config path = 'C:/Program Files/Unity/Hub/Editor/2020.3.0f1/Editor/Data/MonoBleedingEdge/etc'
Using monoOptions --debugger-agent=transport=dt_socket,embedding=1,server=y,suspend=n,address=127.0.0.1:56168
Begin MonoManager ReloadAssembly
Registering precompiled unity dll's ...
Register platform support module: C:/Program Files/Unity/Hub/Editor/2020.3.0f1/Editor/Data/PlaybackEngines/WindowsStandaloneSupport/UnityEditor.WindowsStandalone.Extensions.dll
Registered in 0.002361 seconds.
Native extension for WindowsStandalone target not found
Refreshing native plugins compatible for Editor in 68.53 ms, found 1 plugins.
Preloading 0 native plugins for Editor in 0.00 ms.
Mono: successfully reloaded assembly
- Completed reload, in  1.544 seconds
Platform modules already initialized, skipping
Registering precompiled user dll's ...
Registered in 0.001190 seconds.
Begin MonoManager ReloadAssembly
Native extension for WindowsStandalone target not found
Refreshing native plugins compatible for Editor in 60.19 ms, found 1 plugins.
Preloading 0 native plugins for Editor in 0.00 ms.
Mono: successfully reloaded assembly
- Completed reload, in  1.424 seconds
Platform modules already initialized, skipping
========================================================================
Worker process is ready to serve import requests
Launched and connected shader compiler UnityShaderCompiler.exe after 0.07 seconds
Refreshing native plugins compatible for Editor in 0.55 ms, found 1 plugins.
Preloading 0 native plugins for Editor in 0.00 ms.
Unloading 2123 Unused Serialized files (Serialized files now loaded: 0)
System memory in use before: 104.2 MB.
System memory in use after: 103.8 MB.

Unloading 27 unused Assets to reduce memory usage. Loaded Objects now: 2569.
Total: 3.704300 ms (FindLiveObjects: 0.518700 ms CreateObjectMapping: 0.222800 ms MarkObjects: 2.500600 ms  DeleteObjects: 0.447400 ms)

========================================================================
Received Import Request.
  path: Assets/Sprites & Tiles/Sprites/Sprite sheet.png
  artifactKey: Guid(6cd9d8044859ec64da7e731705f78f92) Importer(815301076,1909f56bfc062723c751e8b465ee728b)
Start importing Assets/Sprites & Tiles/Sprites/Sprite sheet.png using Guid(6cd9d8044859ec64da7e731705f78f92) Importer(815301076,1909f56bfc062723c751e8b465ee728b)  -> (artifact id: '309ee4343612e3e3574ef9358d6af4b7') in 0.225279 seconds
  Import took 0.255797 seconds .

========================================================================
Received Import Request.
  Time since last request: 30.646693 seconds.
  path: Assets/Sprites & Tiles/Sprites/Sprite sheet.png
  artifactKey: Guid(6cd9d8044859ec64da7e731705f78f92) Importer(815301076,1909f56bfc062723c751e8b465ee728b)
Start importing Assets/Sprites & Tiles/Sprites/Sprite sheet.png using Guid(6cd9d8044859ec64da7e731705f78f92) Importer(815301076,1909f56bfc062723c751e8b465ee728b)  -> (artifact id: '03705f05947ea1b0aee02b364e7bf4a2') in 0.042593 seconds
  Import took 0.087817 seconds .

========================================================================
Received Import Request.
  Time since last request: 1003.984390 seconds.
  path: Assets/Sprites & Tiles/Sprites/Sprite sheet.png
  artifactKey: Guid(6cd9d8044859ec64da7e731705f78f92) Importer(815301076,1909f56bfc062723c751e8b465ee728b)
Start importing Assets/Sprites & Tiles/Sprites/Sprite sheet.png using Guid(6cd9d8044859ec64da7e731705f78f92) Importer(815301076,1909f56bfc062723c751e8b465ee728b)  -> (artifact id: 'ccaa6969bc05e6e4326bc5761ae5859d') in 0.236333 seconds
  Import took 0.263982 seconds .

========================================================================
Received Import Request.
  Time since last request: 114.004846 seconds.
  path: Assets/Sprites & Tiles/Sprites/Sprite sheet.png
  artifactKey: Guid(6cd9d8044859ec64da7e731705f78f92) Importer(815301076,1909f56bfc062723c751e8b465ee728b)
Start importing Assets/Sprites & Tiles/Sprites/Sprite sheet.png using Guid(6cd9d8044859ec64da7e731705f78f92) Importer(815301076,1909f56bfc062723c751e8b465ee728b)  -> (artifact id: '6df7e2477a35601ae4e519a9173b9f59') in 0.225712 seconds
  Import took 0.255481 seconds .

========================================================================
Received Import Request.
  Time since last request: 0.199335 seconds.
  path: Assets/Sprites & Tiles/Sprites/Sprite sheet.png
  artifactKey: Guid(6cd9d8044859ec64da7e731705f78f92) Importer(815301076,1909f56bfc062723c751e8b465ee728b)
Start importing Assets/Sprites & Tiles/Sprites/Sprite sheet.png using Guid(6cd9d8044859ec64da7e731705f78f92) Importer(815301076,1909f56bfc062723c751e8b465ee728b)  -> (artifact id: '6df7e2477a35601ae4e519a9173b9f59') in 0.254928 seconds
  Import took 0.264576 seconds .

========================================================================
Received Import Request.
  Time since last request: 176.925621 seconds.
  path: Assets/Sprites & Tiles/Sprites/Extras/Sprite sheet.psd
  artifactKey: Guid(3ec3a130195754f42adff02a980befd6) Importer(815301076,1909f56bfc062723c751e8b465ee728b)
Start importing Assets/Sprites & Tiles/Sprites/Extras/Sprite sheet.psd using Guid(3ec3a130195754f42adff02a980befd6) Importer(815301076,1909f56bfc062723c751e8b465ee728b)  -> (artifact id: '552689b60773567d8fd2a337fdb304b4') in 0.189349 seconds
  Import took 0.222546 seconds .

========================================================================
Received Import Request.
  Time since last request: 438.035348 seconds.
  path: Assets/Sprites & Tiles/Platforms.asset
  artifactKey: Guid(0fd7f84a6f9c0b149ad13338da539325) Importer(815301076,1909f56bfc062723c751e8b465ee728b)
Start importing Assets/Sprites & Tiles/Platforms.asset using Guid(0fd7f84a6f9c0b149ad13338da539325) Importer(815301076,1909f56bfc062723c751e8b465ee728b)  -> (artifact id: '2f137bb7ab86a74d69e03c0d608d1393') in 0.088983 seconds
  Import took 0.123643 seconds .

========================================================================
Received Prepare
Registering precompiled user dll's ...
Registered in 0.001114 seconds.
Begin MonoManager ReloadAssembly
Native extension for WindowsStandalone target not found
Refreshing native plugins compatible for Editor in 0.69 ms, found 1 plugins.
Preloading 0 native plugins for Editor in 0.00 ms.
Mono: successfully reloaded assembly
- Completed reload, in  1.078 seconds
Platform modules already initialized, skipping
Refreshing native plugins compatible for Editor in 0.58 ms, found 1 plugins.
Preloading 0 native plugins for Editor in 0.00 ms.
Unloading 2096 Unused Serialized files (Serialized files now loaded: 0)
System memory in use before: 105.0 MB.
System memory in use after: 104.6 MB.

Unloading 15 unused Assets to reduce memory usage. Loaded Objects now: 2583.
Total: 5.112500 ms (FindLiveObjects: 0.507200 ms CreateObjectMapping: 0.223800 ms MarkObjects: 3.746400 ms  DeleteObjects: 0.632300 ms)

========================================================================
Received Prepare
Registering precompiled user dll's ...
Registered in 0.001376 seconds.
Begin MonoManager ReloadAssembly
Native extension for WindowsStandalone target not found
Refreshing native plugins compatible for Editor in 0.47 ms, found 1 plugins.
Preloading 0 native plugins for Editor in 0.00 ms.
Mono: successfully reloaded assembly
- Completed reload, in  1.135 seconds
Platform modules already initialized, skipping
Refreshing native plugins compatible for Editor in 0.76 ms, found 1 plugins.
Preloading 0 native plugins for Editor in 0.00 ms.
Unloading 2096 Unused Serialized files (Serialized files now loaded: 0)
System memory in use before: 105.0 MB.
System memory in use after: 104.6 MB.

Unloading 15 unused Assets to reduce memory usage. Loaded Objects now: 2587.
Total: 4.547600 ms (FindLiveObjects: 1.407100 ms CreateObjectMapping: 0.201300 ms MarkObjects: 2.482100 ms  DeleteObjects: 0.454900 ms)

========================================================================
Received Import Request.
  Time since last request: 233.901875 seconds.
  path: Assets/Sprites & Tiles/Sprites/Idle.anim
  artifactKey: Guid(7c45a5fc9c6aab5488c9131f28779878) Importer(815301076,1909f56bfc062723c751e8b465ee728b)
Start importing Assets/Sprites & Tiles/Sprites/Idle.anim using Guid(7c45a5fc9c6aab5488c9131f28779878) Importer(815301076,1909f56bfc062723c751e8b465ee728b)  -> (artifact id: 'e1d26b07dc237b30171b1ab3500acb81') in 0.050818 seconds
  Import took 0.100862 seconds .

========================================================================
Received Import Request.
  Time since last request: 2.042905 seconds.
  path: Assets/Animations/Idle.anim
  artifactKey: Guid(7e928e49ed761b4459c4ecb899673a9e) Importer(815301076,1909f56bfc062723c751e8b465ee728b)
Start importing Assets/Animations/Idle.anim using Guid(7e928e49ed761b4459c4ecb899673a9e) Importer(815301076,1909f56bfc062723c751e8b465ee728b)  -> (artifact id: 'a430400026bf2f99a6a01579595fe856') in 0.030478 seconds
  Import took 0.045126 seconds .

========================================================================
Received Import Request.
  Time since last request: 9.635733 seconds.
  path: Assets/Animations/Run.anim
  artifactKey: Guid(1418d18fb6299864896b9f7a40e4b631) Importer(815301076,1909f56bfc062723c751e8b465ee728b)
Start importing Assets/Animations/Run.anim using Guid(1418d18fb6299864896b9f7a40e4b631) Importer(815301076,1909f56bfc062723c751e8b465ee728b)  -> (artifact id: '97d3bbf48acf3608e9adea3ceeb4e4bb') in 0.021271 seconds
  Import took 0.040463 seconds .

========================================================================
Received Import Request.
  Time since last request: 26.527605 seconds.
  path: Assets/Sprites & Tiles/Sprites/Jump.anim
  artifactKey: Guid(53e650c8ad651db4993b2fe09673f941) Importer(815301076,1909f56bfc062723c751e8b465ee728b)
Start importing Assets/Sprites & Tiles/Sprites/Jump.anim using Guid(53e650c8ad651db4993b2fe09673f941) Importer(815301076,1909f56bfc062723c751e8b465ee728b)  -> (artifact id: '4c67ce08f2284fecfa9d451561d5ff47') in 0.011513 seconds
  Import took 0.033842 seconds .

========================================================================
Received Import Request.
  Time since last request: 22.858793 seconds.
  path: Assets/Sprites & Tiles/Sprites/Run.anim
  artifactKey: Guid(4b977f28c66254841b39a26d5cc3b1f8) Importer(815301076,1909f56bfc062723c751e8b465ee728b)
Start importing Assets/Sprites & Tiles/Sprites/Run.anim using Guid(4b977f28c66254841b39a26d5cc3b1f8) Importer(815301076,1909f56bfc062723c751e8b465ee728b)  -> (artifact id: '2c2ec30d90f6a2241965e88238037041') in 0.007122 seconds
  Import took 0.052482 seconds .

========================================================================
Received Import Request.
  Time since last request: 18.521995 seconds.
  path: Assets/Sprites & Tiles/Sprites/Fall.anim
  artifactKey: Guid(0e6e1f4c9c5fae34c9e362df436187a5) Importer(815301076,1909f56bfc062723c751e8b465ee728b)
Start importing Assets/Sprites & Tiles/Sprites/Fall.anim using Guid(0e6e1f4c9c5fae34c9e362df436187a5) Importer(815301076,1909f56bfc062723c751e8b465ee728b)  -> (artifact id: '1c07a8629f7f56beda623ba30980d857') in 0.012932 seconds
  Import took 0.016848 seconds .

========================================================================
Received Prepare
Registering precompiled user dll's ...
Registered in 0.001136 seconds.
Begin MonoManager ReloadAssembly
Native extension for WindowsStandalone target not found
Refreshing native plugins compatible for Editor in 0.69 ms, found 1 plugins.
Preloading 0 native plugins for Editor in 0.00 ms.
Mono: successfully reloaded assembly
- Completed reload, in  1.173 seconds
Platform modules already initialized, skipping
Refreshing native plugins compatible for Editor in 0.88 ms, found 1 plugins.
Preloading 0 native plugins for Editor in 0.00 ms.
Unloading 2096 Unused Serialized files (Serialized files now loaded: 0)
System memory in use before: 105.0 MB.
System memory in use after: 104.7 MB.

Unloading 15 unused Assets to reduce memory usage. Loaded Objects now: 2591.
Total: 4.545000 ms (FindLiveObjects: 0.397900 ms CreateObjectMapping: 0.212900 ms MarkObjects: 3.488500 ms  DeleteObjects: 0.443800 ms)

========================================================================
Received Prepare
Registering precompiled user dll's ...
Registered in 0.001339 seconds.
Begin MonoManager ReloadAssembly
Native extension for WindowsStandalone target not found
Refreshing native plugins compatible for Editor in 1.78 ms, found 1 plugins.
Preloading 0 native plugins for Editor in 0.00 ms.
Mono: successfully reloaded assembly
- Completed reload, in  1.328 seconds
Platform modules already initialized, skipping
Refreshing native plugins compatible for Editor in 0.51 ms, found 1 plugins.
Preloading 0 native plugins for Editor in 0.00 ms.
Unloading 2096 Unused Serialized files (Serialized files now loaded: 0)
System memory in use before: 105.1 MB.
System memory in use after: 104.7 MB.

Unloading 15 unused Assets to reduce memory usage. Loaded Objects now: 2595.
Total: 4.634000 ms (FindLiveObjects: 0.368000 ms CreateObjectMapping: 0.168500 ms MarkObjects: 3.439800 ms  DeleteObjects: 0.655500 ms)

========================================================================
Received Prepare
Registering precompiled user dll's ...
Registered in 0.001181 seconds.
Begin MonoManager ReloadAssembly
Native extension for WindowsStandalone target not found
Refreshing native plugins compatible for Editor in 0.48 ms, found 1 plugins.
Preloading 0 native plugins for Editor in 0.00 ms.
Mono: successfully reloaded assembly
- Completed reload, in  1.154 seconds
Platform modules already initialized, skipping
Refreshing native plugins compatible for Editor in 0.55 ms, found 1 plugins.
Preloading 0 native plugins for Editor in 0.00 ms.
Unloading 2096 Unused Serialized files (Serialized files now loaded: 0)
System memory in use before: 105.1 MB.
System memory in use after: 104.7 MB.

Unloading 15 unused Assets to reduce memory usage. Loaded Objects now: 2599.
Total: 3.398800 ms (FindLiveObjects: 0.407500 ms CreateObjectMapping: 0.234000 ms MarkObjects: 2.300300 ms  DeleteObjects: 0.455100 ms)

========================================================================
Received Prepare
Registering precompiled user dll's ...
Registered in 0.001278 seconds.
Begin MonoManager ReloadAssembly
Native extension for WindowsStandalone target not found
Refreshing native plugins compatible for Editor in 0.46 ms, found 1 plugins.
Preloading 0 native plugins for Editor in 0.00 ms.
Mono: successfully reloaded assembly
- Completed reload, in  1.123 seconds
Platform modules already initialized, skipping
Refreshing native plugins compatible for Editor in 0.56 ms, found 1 plugins.
Preloading 0 native plugins for Editor in 0.00 ms.
Unloading 2096 Unused Serialized files (Serialized files now loaded: 0)
System memory in use before: 104.9 MB.
System memory in use after: 104.5 MB.

Unloading 15 unused Assets to reduce memory usage. Loaded Objects now: 2603.
Total: 3.272300 ms (FindLiveObjects: 0.363600 ms CreateObjectMapping: 0.099100 ms MarkObjects: 2.307800 ms  DeleteObjects: 0.500500 ms)

========================================================================
Received Prepare
Registering precompiled user dll's ...
Registered in 0.002159 seconds.
Begin MonoManager ReloadAssembly
Native extension for WindowsStandalone target not found
Refreshing native plugins compatible for Editor in 0.46 ms, found 1 plugins.
Preloading 0 native plugins for Editor in 0.00 ms.
Mono: successfully reloaded assembly
- Completed reload, in  1.187 seconds
Platform modules already initialized, skipping
Refreshing native plugins compatible for Editor in 0.53 ms, found 1 plugins.
Preloading 0 native plugins for Editor in 0.00 ms.
Unloading 2096 Unused Serialized files (Serialized files now loaded: 0)
System memory in use before: 104.9 MB.
System memory in use after: 104.5 MB.

Unloading 15 unused Assets to reduce memory usage. Loaded Objects now: 2607.
Total: 4.029900 ms (FindLiveObjects: 0.396800 ms CreateObjectMapping: 0.118700 ms MarkObjects: 3.023700 ms  DeleteObjects: 0.488900 ms)

========================================================================
Received Prepare
Registering precompiled user dll's ...
Registered in 0.024769 seconds.
Begin MonoManager ReloadAssembly
Native extension for WindowsStandalone target not found
Refreshing native plugins compatible for Editor in 0.45 ms, found 1 plugins.
Preloading 0 native plugins for Editor in 0.00 ms.
Mono: successfully reloaded assembly
- Completed reload, in  1.183 seconds
Platform modules already initialized, skipping
Refreshing native plugins compatible for Editor in 0.54 ms, found 1 plugins.
Preloading 0 native plugins for Editor in 0.00 ms.
Unloading 2096 Unused Serialized files (Serialized files now loaded: 0)
System memory in use before: 104.9 MB.
System memory in use after: 104.6 MB.

Unloading 15 unused Assets to reduce memory usage. Loaded Objects now: 2611.
Total: 4.271600 ms (FindLiveObjects: 0.495300 ms CreateObjectMapping: 0.196300 ms MarkObjects: 2.844100 ms  DeleteObjects: 0.734100 ms)

========================================================================
Received Prepare
Registering precompiled user dll's ...
Registered in 0.001363 seconds.
Begin MonoManager ReloadAssembly
Native extension for WindowsStandalone target not found
Refreshing native plugins compatible for Editor in 0.61 ms, found 1 plugins.
Preloading 0 native plugins for Editor in 0.00 ms.
Mono: successfully reloaded assembly
- Completed reload, in  2.479 seconds
Platform modules already initialized, skipping
Refreshing native plugins compatible for Editor in 0.58 ms, found 1 plugins.
Preloading 0 native plugins for Editor in 0.00 ms.
Unloading 2096 Unused Serialized files (Serialized files now loaded: 0)
System memory in use before: 104.9 MB.
System memory in use after: 104.6 MB.

Unloading 15 unused Assets to reduce memory usage. Loaded Objects now: 2615.
Total: 6.107500 ms (FindLiveObjects: 0.363800 ms CreateObjectMapping: 0.115500 ms MarkObjects: 5.048800 ms  DeleteObjects: 0.577200 ms)

========================================================================
Received Prepare
Registering precompiled user dll's ...
Registered in 0.001418 seconds.
Begin MonoManager ReloadAssembly
Native extension for WindowsStandalone target not found
Refreshing native plugins compatible for Editor in 0.48 ms, found 1 plugins.
Preloading 0 native plugins for Editor in 0.00 ms.
Mono: successfully reloaded assembly
- Completed reload, in  1.128 seconds
Platform modules already initialized, skipping
Refreshing native plugins compatible for Editor in 0.69 ms, found 1 plugins.
Preloading 0 native plugins for Editor in 0.00 ms.
Unloading 2096 Unused Serialized files (Serialized files now loaded: 0)
System memory in use before: 105.0 MB.
System memory in use after: 104.6 MB.

Unloading 15 unused Assets to reduce memory usage. Loaded Objects now: 2619.
Total: 3.093500 ms (FindLiveObjects: 0.270700 ms CreateObjectMapping: 0.098800 ms MarkObjects: 2.220900 ms  DeleteObjects: 0.502100 ms)

========================================================================
Received Prepare
Registering precompiled user dll's ...
Registered in 0.001131 seconds.
Begin MonoManager ReloadAssembly
Native extension for WindowsStandalone target not found
Refreshing native plugins compatible for Editor in 0.50 ms, found 1 plugins.
Preloading 0 native plugins for Editor in 0.00 ms.
Mono: successfully reloaded assembly
- Completed reload, in  1.111 seconds
Platform modules already initialized, skipping
Refreshing native plugins compatible for Editor in 0.51 ms, found 1 plugins.
Preloading 0 native plugins for Editor in 0.00 ms.
Unloading 2096 Unused Serialized files (Serialized files now loaded: 0)
System memory in use before: 105.0 MB.
System memory in use after: 104.6 MB.

Unloading 15 unused Assets to reduce memory usage. Loaded Objects now: 2623.
Total: 5.162100 ms (FindLiveObjects: 0.652100 ms CreateObjectMapping: 0.437700 ms MarkObjects: 3.477800 ms  DeleteObjects: 0.592000 ms)

========================================================================
Received Prepare
Registering precompiled user dll's ...
Registered in 0.001722 seconds.
Begin MonoManager ReloadAssembly
Native extension for WindowsStandalone target not found
Refreshing native plugins compatible for Editor in 0.93 ms, found 1 plugins.
Preloading 0 native plugins for Editor in 0.00 ms.
Mono: successfully reloaded assembly
- Completed reload, in  1.209 seconds
Platform modules already initialized, skipping
Refreshing native plugins compatible for Editor in 0.84 ms, found 1 plugins.
Preloading 0 native plugins for Editor in 0.00 ms.
Unloading 2096 Unused Serialized files (Serialized files now loaded: 0)
System memory in use before: 105.0 MB.
System memory in use after: 104.6 MB.

Unloading 15 unused Assets to reduce memory usage. Loaded Objects now: 2627.
Total: 3.987000 ms (FindLiveObjects: 0.309500 ms CreateObjectMapping: 0.109100 ms MarkObjects: 2.827400 ms  DeleteObjects: 0.739100 ms)

========================================================================
Received Prepare
Registering precompiled user dll's ...
Registered in 0.001286 seconds.
Begin MonoManager ReloadAssembly
Native extension for WindowsStandalone target not found
Refreshing native plugins compatible for Editor in 0.48 ms, found 1 plugins.
Preloading 0 native plugins for Editor in 0.00 ms.
Mono: successfully reloaded assembly
- Completed reload, in  1.001 seconds
Platform modules already initialized, skipping
Refreshing native plugins compatible for Editor in 0.48 ms, found 1 plugins.
Preloading 0 native plugins for Editor in 0.00 ms.
Unloading 2096 Unused Serialized files (Serialized files now loaded: 0)
System memory in use before: 105.0 MB.
System memory in use after: 104.6 MB.

Unloading 15 unused Assets to reduce memory usage. Loaded Objects now: 2631.
Total: 4.390600 ms (FindLiveObjects: 0.281300 ms CreateObjectMapping: 0.130000 ms MarkObjects: 3.483200 ms  DeleteObjects: 0.494300 ms)

========================================================================
Received Prepare
Registering precompiled user dll's ...
Registered in 0.001313 seconds.
Begin MonoManager ReloadAssembly
Native extension for WindowsStandalone target not found
Refreshing native plugins compatible for Editor in 0.57 ms, found 1 plugins.
Preloading 0 native plugins for Editor in 0.00 ms.
Mono: successfully reloaded assembly
- Completed reload, in  1.040 seconds
Platform modules already initialized, skipping
Refreshing native plugins compatible for Editor in 0.51 ms, found 1 plugins.
Preloading 0 native plugins for Editor in 0.00 ms.
Unloading 2096 Unused Serialized files (Serialized files now loaded: 0)
System memory in use before: 105.0 MB.
System memory in use after: 104.6 MB.

Unloading 15 unused Assets to reduce memory usage. Loaded Objects now: 2635.
Total: 3.861200 ms (FindLiveObjects: 0.417100 ms CreateObjectMapping: 0.135700 ms MarkObjects: 2.805800 ms  DeleteObjects: 0.501200 ms)

========================================================================
Received Prepare
Registering precompiled user dll's ...
Registered in 0.001056 seconds.
Begin MonoManager ReloadAssembly
Native extension for WindowsStandalone target not found
Refreshing native plugins compatible for Editor in 0.46 ms, found 1 plugins.
Preloading 0 native plugins for Editor in 0.00 ms.
Mono: successfully reloaded assembly
- Completed reload, in  1.189 seconds
Platform modules already initialized, skipping
Refreshing native plugins compatible for Editor in 0.49 ms, found 1 plugins.
Preloading 0 native plugins for Editor in 0.00 ms.
Unloading 2096 Unused Serialized files (Serialized files now loaded: 0)
System memory in use before: 105.0 MB.
System memory in use after: 104.6 MB.

Unloading 15 unused Assets to reduce memory usage. Loaded Objects now: 2639.
Total: 3.057500 ms (FindLiveObjects: 0.344300 ms CreateObjectMapping: 0.106900 ms MarkObjects: 2.082900 ms  DeleteObjects: 0.522200 ms)

========================================================================
Received Prepare
Registering precompiled user dll's ...
Registered in 0.001702 seconds.
Begin MonoManager ReloadAssembly
Native extension for WindowsStandalone target not found
Refreshing native plugins compatible for Editor in 0.76 ms, found 1 plugins.
Preloading 0 native plugins for Editor in 0.00 ms.
Mono: successfully reloaded assembly
- Completed reload, in  1.177 seconds
Platform modules already initialized, skipping
Refreshing native plugins compatible for Editor in 0.48 ms, found 1 plugins.
Preloading 0 native plugins for Editor in 0.00 ms.
Unloading 2096 Unused Serialized files (Serialized files now loaded: 0)
System memory in use before: 105.0 MB.
System memory in use after: 104.6 MB.

Unloading 15 unused Assets to reduce memory usage. Loaded Objects now: 2643.
Total: 5.223800 ms (FindLiveObjects: 0.249700 ms CreateObjectMapping: 0.103700 ms MarkObjects: 4.331400 ms  DeleteObjects: 0.534400 ms)

========================================================================
Received Prepare
Registering precompiled user dll's ...
Registered in 0.001682 seconds.
Begin MonoManager ReloadAssembly
Native extension for WindowsStandalone target not found
Refreshing native plugins compatible for Editor in 0.53 ms, found 1 plugins.
Preloading 0 native plugins for Editor in 0.00 ms.
Mono: successfully reloaded assembly
- Completed reload, in  1.225 seconds
Platform modules already initialized, skipping
Refreshing native plugins compatible for Editor in 0.61 ms, found 1 plugins.
Preloading 0 native plugins for Editor in 0.00 ms.
Unloading 2096 Unused Serialized files (Serialized files now loaded: 0)
System memory in use before: 105.0 MB.
System memory in use after: 104.6 MB.

Unloading 15 unused Assets to reduce memory usage. Loaded Objects now: 2647.
Total: 3.426200 ms (FindLiveObjects: 0.346700 ms CreateObjectMapping: 0.179100 ms MarkObjects: 2.322200 ms  DeleteObjects: 0.576500 ms)

========================================================================
Received Prepare
Registering precompiled user dll's ...
Registered in 0.001128 seconds.
Begin MonoManager ReloadAssembly
Native extension for WindowsStandalone target not found
Refreshing native plugins compatible for Editor in 0.55 ms, found 1 plugins.
Preloading 0 native plugins for Editor in 0.00 ms.
Mono: successfully reloaded assembly
- Completed reload, in  0.957 seconds
Platform modules already initialized, skipping
Refreshing native plugins compatible for Editor in 0.51 ms, found 1 plugins.
Preloading 0 native plugins for Editor in 0.00 ms.
Unloading 2096 Unused Serialized files (Serialized files now loaded: 0)
System memory in use before: 105.0 MB.
System memory in use after: 104.7 MB.

Unloading 15 unused Assets to reduce memory usage. Loaded Objects now: 2651.
Total: 3.191600 ms (FindLiveObjects: 0.306200 ms CreateObjectMapping: 0.110000 ms MarkObjects: 2.303900 ms  DeleteObjects: 0.470500 ms)

========================================================================
Received Prepare
Registering precompiled user dll's ...
Registered in 0.001290 seconds.
Begin MonoManager ReloadAssembly
Native extension for WindowsStandalone target not found
Refreshing native plugins compatible for Editor in 0.46 ms, found 1 plugins.
Preloading 0 native plugins for Editor in 0.00 ms.
Mono: successfully reloaded assembly
- Completed reload, in  0.991 seconds
Platform modules already initialized, skipping
Refreshing native plugins compatible for Editor in 0.50 ms, found 1 plugins.
Preloading 0 native plugins for Editor in 0.00 ms.
Unloading 2096 Unused Serialized files (Serialized files now loaded: 0)
System memory in use before: 105.0 MB.
System memory in use after: 104.7 MB.

Unloading 15 unused Assets to reduce memory usage. Loaded Objects now: 2655.
Total: 3.635500 ms (FindLiveObjects: 0.504500 ms CreateObjectMapping: 0.362100 ms MarkObjects: 2.280500 ms  DeleteObjects: 0.487000 ms)

========================================================================
Received Prepare
Registering precompiled user dll's ...
Registered in 0.001234 seconds.
Begin MonoManager ReloadAssembly
Native extension for WindowsStandalone target not found
Refreshing native plugins compatible for Editor in 0.46 ms, found 1 plugins.
Preloading 0 native plugins for Editor in 0.00 ms.
Mono: successfully reloaded assembly
- Completed reload, in  0.999 seconds
Platform modules already initialized, skipping
Refreshing native plugins compatible for Editor in 0.49 ms, found 1 plugins.
Preloading 0 native plugins for Editor in 0.00 ms.
Unloading 2096 Unused Serialized files (Serialized files now loaded: 0)
System memory in use before: 105.0 MB.
System memory in use after: 104.7 MB.

Unloading 15 unused Assets to reduce memory usage. Loaded Objects now: 2659.
Total: 3.297200 ms (FindLiveObjects: 0.480200 ms CreateObjectMapping: 0.220600 ms MarkObjects: 2.120100 ms  DeleteObjects: 0.474400 ms)

========================================================================
Received Prepare
Registering precompiled user dll's ...
Registered in 0.001307 seconds.
Begin MonoManager ReloadAssembly
Native extension for WindowsStandalone target not found
Refreshing native plugins compatible for Editor in 0.48 ms, found 1 plugins.
Preloading 0 native plugins for Editor in 0.00 ms.
Mono: successfully reloaded assembly
- Completed reload, in  0.978 seconds
Platform modules already initialized, skipping
Refreshing native plugins compatible for Editor in 0.49 ms, found 1 plugins.
Preloading 0 native plugins for Editor in 0.00 ms.
Unloading 2096 Unused Serialized files (Serialized files now loaded: 0)
System memory in use before: 105.1 MB.
System memory in use after: 104.7 MB.

Unloading 15 unused Assets to reduce memory usage. Loaded Objects now: 2663.
Total: 3.080600 ms (FindLiveObjects: 0.352400 ms CreateObjectMapping: 0.148700 ms MarkObjects: 2.066500 ms  DeleteObjects: 0.512000 ms)

========================================================================
Received Import Request.
  Time since last request: 2428.443039 seconds.
  path: Assets/Animations/Idle.anim
  artifactKey: Guid(7c45a5fc9c6aab5488c9131f28779878) Importer(815301076,1909f56bfc062723c751e8b465ee728b)
Start importing Assets/Animations/Idle.anim using Guid(7c45a5fc9c6aab5488c9131f28779878) Importer(815301076,1909f56bfc062723c751e8b465ee728b)  -> (artifact id: '089dc30332b5ef6cf65f31eeea2f2685') in 0.026031 seconds
  Import took 0.055272 seconds .

========================================================================
Received Prepare
Registering precompiled user dll's ...
Registered in 0.001132 seconds.
Begin MonoManager ReloadAssembly
Native extension for WindowsStandalone target not found
Refreshing native plugins compatible for Editor in 0.52 ms, found 1 plugins.
Preloading 0 native plugins for Editor in 0.00 ms.
Mono: successfully reloaded assembly
- Completed reload, in  0.958 seconds
Platform modules already initialized, skipping
Refreshing native plugins compatible for Editor in 0.77 ms, found 1 plugins.
Preloading 0 native plugins for Editor in 0.00 ms.
Unloading 2096 Unused Serialized files (Serialized files now loaded: 0)
System memory in use before: 105.1 MB.
System memory in use after: 104.7 MB.

Unloading 15 unused Assets to reduce memory usage. Loaded Objects now: 2667.
Total: 5.746900 ms (FindLiveObjects: 0.381400 ms CreateObjectMapping: 0.097700 ms MarkObjects: 4.513800 ms  DeleteObjects: 0.752100 ms)

========================================================================
Received Prepare
Registering precompiled user dll's ...
Registered in 0.002139 seconds.
Begin MonoManager ReloadAssembly
Native extension for WindowsStandalone target not found
Refreshing native plugins compatible for Editor in 0.49 ms, found 1 plugins.
Preloading 0 native plugins for Editor in 0.00 ms.
Mono: successfully reloaded assembly
- Completed reload, in  1.055 seconds
Platform modules already initialized, skipping
Refreshing native plugins compatible for Editor in 0.52 ms, found 1 plugins.
Preloading 0 native plugins for Editor in 0.00 ms.
Unloading 2096 Unused Serialized files (Serialized files now loaded: 0)
System memory in use before: 105.1 MB.
System memory in use after: 104.7 MB.

Unloading 15 unused Assets to reduce memory usage. Loaded Objects now: 2671.
Total: 3.604400 ms (FindLiveObjects: 0.394400 ms CreateObjectMapping: 0.139200 ms MarkObjects: 2.535000 ms  DeleteObjects: 0.534200 ms)

========================================================================
Received Import Request.
  Time since last request: 264.029504 seconds.
  path: Assets/Sprites & Tiles/Sprites/Sprite sheet.png
  artifactKey: Guid(6cd9d8044859ec64da7e731705f78f92) Importer(815301076,1909f56bfc062723c751e8b465ee728b)
Start importing Assets/Sprites & Tiles/Sprites/Sprite sheet.png using Guid(6cd9d8044859ec64da7e731705f78f92) Importer(815301076,1909f56bfc062723c751e8b465ee728b)  -> (artifact id: 'b538a0d412222ea386582b72fceeb61b') in 0.213996 seconds
  Import took 0.248420 seconds .

========================================================================
Received Prepare
Registering precompiled user dll's ...
Registered in 0.001130 seconds.
Begin MonoManager ReloadAssembly
Native extension for WindowsStandalone target not found
Refreshing native plugins compatible for Editor in 0.47 ms, found 1 plugins.
Preloading 0 native plugins for Editor in 0.00 ms.
Mono: successfully reloaded assembly
- Completed reload, in  1.003 seconds
Platform modules already initialized, skipping
Refreshing native plugins compatible for Editor in 0.55 ms, found 1 plugins.
Preloading 0 native plugins for Editor in 0.00 ms.
Unloading 2096 Unused Serialized files (Serialized files now loaded: 0)
System memory in use before: 105.1 MB.
System memory in use after: 104.7 MB.

Unloading 15 unused Assets to reduce memory usage. Loaded Objects now: 2676.
Total: 3.735300 ms (FindLiveObjects: 0.268600 ms CreateObjectMapping: 0.123000 ms MarkObjects: 2.788500 ms  DeleteObjects: 0.553600 ms)

========================================================================
Received Import Request.
  Time since last request: 178.669950 seconds.
  path: Assets/Sprites & Tiles/Sprites/Sprite sheet.png
  artifactKey: Guid(6cd9d8044859ec64da7e731705f78f92) Importer(815301076,1909f56bfc062723c751e8b465ee728b)
Start importing Assets/Sprites & Tiles/Sprites/Sprite sheet.png using Guid(6cd9d8044859ec64da7e731705f78f92) Importer(815301076,1909f56bfc062723c751e8b465ee728b)  -> (artifact id: '770fddd05c4b23f010f4dc166aea0295') in 0.148871 seconds
  Import took 0.181593 seconds .

========================================================================
Received Prepare
Registering precompiled user dll's ...
Registered in 0.001330 seconds.
Begin MonoManager ReloadAssembly
Native extension for WindowsStandalone target not found
Refreshing native plugins compatible for Editor in 0.49 ms, found 1 plugins.
Preloading 0 native plugins for Editor in 0.00 ms.
Mono: successfully reloaded assembly
- Completed reload, in  0.950 seconds
Platform modules already initialized, skipping
Refreshing native plugins compatible for Editor in 1.02 ms, found 1 plugins.
Preloading 0 native plugins for Editor in 0.00 ms.
Unloading 2096 Unused Serialized files (Serialized files now loaded: 0)
System memory in use before: 105.1 MB.
System memory in use after: 104.7 MB.

Unloading 15 unused Assets to reduce memory usage. Loaded Objects now: 2681.
Total: 3.009200 ms (FindLiveObjects: 0.274900 ms CreateObjectMapping: 0.097000 ms MarkObjects: 2.070000 ms  DeleteObjects: 0.566200 ms)

========================================================================
Received Import Request.
  Time since last request: 16.731941 seconds.
  path: Assets/Sprites & Tiles/Sprites/Sprite sheet.png
  artifactKey: Guid(6cd9d8044859ec64da7e731705f78f92) Importer(815301076,1909f56bfc062723c751e8b465ee728b)
Start importing Assets/Sprites & Tiles/Sprites/Sprite sheet.png using Guid(6cd9d8044859ec64da7e731705f78f92) Importer(815301076,1909f56bfc062723c751e8b465ee728b)  -> (artifact id: '3597c8db13747f7b371da12c7cb56d4d') in 0.180674 seconds
  Import took 0.214839 seconds .

========================================================================
Received Prepare
Registering precompiled user dll's ...
Registered in 0.001327 seconds.
Begin MonoManager ReloadAssembly
Native extension for WindowsStandalone target not found
Refreshing native plugins compatible for Editor in 0.60 ms, found 1 plugins.
Preloading 0 native plugins for Editor in 0.00 ms.
Mono: successfully reloaded assembly
- Completed reload, in  0.999 seconds
Platform modules already initialized, skipping
Refreshing native plugins compatible for Editor in 0.52 ms, found 1 plugins.
Preloading 0 native plugins for Editor in 0.00 ms.
Unloading 2096 Unused Serialized files (Serialized files now loaded: 0)
System memory in use before: 105.1 MB.
System memory in use after: 104.7 MB.

Unloading 15 unused Assets to reduce memory usage. Loaded Objects now: 2686.
Total: 3.491700 ms (FindLiveObjects: 0.314000 ms CreateObjectMapping: 0.092600 ms MarkObjects: 2.253900 ms  DeleteObjects: 0.830000 ms)

========================================================================
Received Import Request.
  Time since last request: 17.147452 seconds.
  path: Assets/Sprites & Tiles/Sprites/Sprite sheet.png
  artifactKey: Guid(6cd9d8044859ec64da7e731705f78f92) Importer(815301076,1909f56bfc062723c751e8b465ee728b)
Start importing Assets/Sprites & Tiles/Sprites/Sprite sheet.png using Guid(6cd9d8044859ec64da7e731705f78f92) Importer(815301076,1909f56bfc062723c751e8b465ee728b)  -> (artifact id: '653694f0ca9aa5da7cb1db2942fd67c2') in 0.169258 seconds
  Import took 0.193904 seconds .

========================================================================
Received Import Request.
  Time since last request: 7.530816 seconds.
  path: Assets/Sprites & Tiles/Sprites/Sprite sheet.png
  artifactKey: Guid(6cd9d8044859ec64da7e731705f78f92) Importer(815301076,1909f56bfc062723c751e8b465ee728b)
Start importing Assets/Sprites & Tiles/Sprites/Sprite sheet.png using Guid(6cd9d8044859ec64da7e731705f78f92) Importer(815301076,1909f56bfc062723c751e8b465ee728b)  -> (artifact id: 'f41aebcb43d46200a5ef00c3fd458d87') in 0.142897 seconds
  Import took 0.162686 seconds .

========================================================================
Received Prepare
Registering precompiled user dll's ...
Registered in 0.001049 seconds.
Begin MonoManager ReloadAssembly
Native extension for WindowsStandalone target not found
Refreshing native plugins compatible for Editor in 0.48 ms, found 1 plugins.
Preloading 0 native plugins for Editor in 0.00 ms.
Mono: successfully reloaded assembly
- Completed reload, in  0.934 seconds
Platform modules already initialized, skipping
Refreshing native plugins compatible for Editor in 0.54 ms, found 1 plugins.
Preloading 0 native plugins for Editor in 0.00 ms.
Unloading 2096 Unused Serialized files (Serialized files now loaded: 0)
System memory in use before: 105.1 MB.
System memory in use after: 104.8 MB.

Unloading 15 unused Assets to reduce memory usage. Loaded Objects now: 2691.
Total: 2.616700 ms (FindLiveObjects: 0.222700 ms CreateObjectMapping: 0.087600 ms MarkObjects: 1.813000 ms  DeleteObjects: 0.492400 ms)

========================================================================
Received Prepare
Registering precompiled user dll's ...
Registered in 0.001090 seconds.
Begin MonoManager ReloadAssembly
Native extension for WindowsStandalone target not found
Refreshing native plugins compatible for Editor in 0.50 ms, found 1 plugins.
Preloading 0 native plugins for Editor in 0.00 ms.
Mono: successfully reloaded assembly
- Completed reload, in  0.988 seconds
Platform modules already initialized, skipping
Refreshing native plugins compatible for Editor in 0.49 ms, found 1 plugins.
Preloading 0 native plugins for Editor in 0.00 ms.
Unloading 2096 Unused Serialized files (Serialized files now loaded: 0)
System memory in use before: 105.2 MB.
System memory in use after: 104.8 MB.

Unloading 15 unused Assets to reduce memory usage. Loaded Objects now: 2695.
Total: 6.262300 ms (FindLiveObjects: 0.533900 ms CreateObjectMapping: 0.275100 ms MarkObjects: 4.418900 ms  DeleteObjects: 1.032400 ms)

========================================================================
Received Import Request.
  Time since last request: 212.868664 seconds.
  path: Assets/Sprites & Tiles/Sprites/Sprite sheet.png
  artifactKey: Guid(6cd9d8044859ec64da7e731705f78f92) Importer(815301076,1909f56bfc062723c751e8b465ee728b)
Start importing Assets/Sprites & Tiles/Sprites/Sprite sheet.png using Guid(6cd9d8044859ec64da7e731705f78f92) Importer(815301076,1909f56bfc062723c751e8b465ee728b)  -> (artifact id: 'c82a84361d19eec01c52afbddb0da452') in 0.160786 seconds
  Import took 0.213313 seconds .

========================================================================
Received Prepare
Registering precompiled user dll's ...
Registered in 0.001074 seconds.
Begin MonoManager ReloadAssembly
Native extension for WindowsStandalone target not found
Refreshing native plugins compatible for Editor in 0.54 ms, found 1 plugins.
Preloading 0 native plugins for Editor in 0.00 ms.
Mono: successfully reloaded assembly
- Completed reload, in  0.974 seconds
Platform modules already initialized, skipping
Refreshing native plugins compatible for Editor in 0.49 ms, found 1 plugins.
Preloading 0 native plugins for Editor in 0.00 ms.
Unloading 2096 Unused Serialized files (Serialized files now loaded: 0)
System memory in use before: 105.2 MB.
System memory in use after: 104.8 MB.

Unloading 15 unused Assets to reduce memory usage. Loaded Objects now: 2700.
Total: 3.145500 ms (FindLiveObjects: 0.343800 ms CreateObjectMapping: 0.118600 ms MarkObjects: 2.198600 ms  DeleteObjects: 0.482900 ms)

========================================================================
Received Prepare
Registering precompiled user dll's ...
Registered in 0.001108 seconds.
Begin MonoManager ReloadAssembly
Native extension for WindowsStandalone target not found
Refreshing native plugins compatible for Editor in 0.51 ms, found 1 plugins.
Preloading 0 native plugins for Editor in 0.00 ms.
Mono: successfully reloaded assembly
- Completed reload, in  0.998 seconds
Platform modules already initialized, skipping
Refreshing native plugins compatible for Editor in 0.58 ms, found 1 plugins.
Preloading 0 native plugins for Editor in 0.00 ms.
Unloading 2096 Unused Serialized files (Serialized files now loaded: 0)
System memory in use before: 105.2 MB.
System memory in use after: 104.8 MB.

Unloading 15 unused Assets to reduce memory usage. Loaded Objects now: 2704.
Total: 3.143400 ms (FindLiveObjects: 0.277800 ms CreateObjectMapping: 0.110700 ms MarkObjects: 2.224200 ms  DeleteObjects: 0.528800 ms)

========================================================================
Received Prepare
Registering precompiled user dll's ...
Registered in 0.001252 seconds.
Begin MonoManager ReloadAssembly
Native extension for WindowsStandalone target not found
Refreshing native plugins compatible for Editor in 0.47 ms, found 1 plugins.
Preloading 0 native plugins for Editor in 0.00 ms.
Mono: successfully reloaded assembly
- Completed reload, in  0.985 seconds
Platform modules already initialized, skipping
Refreshing native plugins compatible for Editor in 0.53 ms, found 1 plugins.
Preloading 0 native plugins for Editor in 0.00 ms.
Unloading 2096 Unused Serialized files (Serialized files now loaded: 0)
System memory in use before: 105.2 MB.
System memory in use after: 104.8 MB.

Unloading 15 unused Assets to reduce memory usage. Loaded Objects now: 2708.
Total: 3.204700 ms (FindLiveObjects: 0.457700 ms CreateObjectMapping: 0.143300 ms MarkObjects: 2.125000 ms  DeleteObjects: 0.477100 ms)

========================================================================
Received Prepare
Registering precompiled user dll's ...
Registered in 0.001199 seconds.
Begin MonoManager ReloadAssembly
Native extension for WindowsStandalone target not found
Refreshing native plugins compatible for Editor in 0.51 ms, found 1 plugins.
Preloading 0 native plugins for Editor in 0.00 ms.
Mono: successfully reloaded assembly
- Completed reload, in  0.990 seconds
Platform modules already initialized, skipping
Refreshing native plugins compatible for Editor in 0.54 ms, found 1 plugins.
Preloading 0 native plugins for Editor in 0.00 ms.
Unloading 2096 Unused Serialized files (Serialized files now loaded: 0)
System memory in use before: 105.2 MB.
System memory in use after: 104.8 MB.

Unloading 15 unused Assets to reduce memory usage. Loaded Objects now: 2712.
Total: 3.741300 ms (FindLiveObjects: 0.506500 ms CreateObjectMapping: 0.235700 ms MarkObjects: 2.485400 ms  DeleteObjects: 0.512100 ms)

========================================================================
Received Prepare
Registering precompiled user dll's ...
Registered in 0.001132 seconds.
Begin MonoManager ReloadAssembly
Native extension for WindowsStandalone target not found
Refreshing native plugins compatible for Editor in 0.50 ms, found 1 plugins.
Preloading 0 native plugins for Editor in 0.00 ms.
Mono: successfully reloaded assembly
- Completed reload, in  0.982 seconds
Platform modules already initialized, skipping
Refreshing native plugins compatible for Editor in 0.55 ms, found 1 plugins.
Preloading 0 native plugins for Editor in 0.00 ms.
Unloading 2096 Unused Serialized files (Serialized files now loaded: 0)
System memory in use before: 105.3 MB.
System memory in use after: 104.9 MB.

Unloading 15 unused Assets to reduce memory usage. Loaded Objects now: 2716.
Total: 3.200400 ms (FindLiveObjects: 0.413200 ms CreateObjectMapping: 0.190400 ms MarkObjects: 2.051300 ms  DeleteObjects: 0.544400 ms)

========================================================================
Received Prepare
Registering precompiled user dll's ...
Registered in 0.001194 seconds.
Begin MonoManager ReloadAssembly
Native extension for WindowsStandalone target not found
Refreshing native plugins compatible for Editor in 0.65 ms, found 1 plugins.
Preloading 0 native plugins for Editor in 0.00 ms.
Mono: successfully reloaded assembly
- Completed reload, in  0.975 seconds
Platform modules already initialized, skipping
Refreshing native plugins compatible for Editor in 0.49 ms, found 1 plugins.
Preloading 0 native plugins for Editor in 0.00 ms.
Unloading 2096 Unused Serialized files (Serialized files now loaded: 0)
System memory in use before: 105.3 MB.
System memory in use after: 104.9 MB.

Unloading 15 unused Assets to reduce memory usage. Loaded Objects now: 2720.
Total: 3.044200 ms (FindLiveObjects: 0.333800 ms CreateObjectMapping: 0.105700 ms MarkObjects: 2.111100 ms  DeleteObjects: 0.492500 ms)

========================================================================
Received Prepare
Registering precompiled user dll's ...
Registered in 0.001137 seconds.
Begin MonoManager ReloadAssembly
Native extension for WindowsStandalone target not found
Refreshing native plugins compatible for Editor in 0.44 ms, found 1 plugins.
Preloading 0 native plugins for Editor in 0.00 ms.
Mono: successfully reloaded assembly
- Completed reload, in  0.958 seconds
Platform modules already initialized, skipping
Refreshing native plugins compatible for Editor in 0.48 ms, found 1 plugins.
Preloading 0 native plugins for Editor in 0.00 ms.
Unloading 2096 Unused Serialized files (Serialized files now loaded: 0)
System memory in use before: 105.3 MB.
System memory in use after: 105.0 MB.

Unloading 15 unused Assets to reduce memory usage. Loaded Objects now: 2724.
Total: 2.992500 ms (FindLiveObjects: 0.258400 ms CreateObjectMapping: 0.100100 ms MarkObjects: 2.034900 ms  DeleteObjects: 0.598100 ms)

========================================================================
Received Import Request.
  Time since last request: 471.675810 seconds.
  path: Assets/Scripts/Player.cs
  artifactKey: Guid(083d8100c8b6ae943a409bda84aba4fd) Importer(815301076,1909f56bfc062723c751e8b465ee728b)
Start importing Assets/Scripts/Player.cs using Guid(083d8100c8b6ae943a409bda84aba4fd) Importer(815301076,1909f56bfc062723c751e8b465ee728b)  -> (artifact id: '8f597aa6f83224443884eff9e1c81dc4') in 0.087840 seconds
  Import took 0.105901 seconds .

========================================================================
Received Import Request.
  Time since last request: 182.307920 seconds.
  path: Assets/Scripts/Player.cs
  artifactKey: Guid(083d8100c8b6ae943a409bda84aba4fd) Importer(815301076,1909f56bfc062723c751e8b465ee728b)
Start importing Assets/Scripts/Player.cs using Guid(083d8100c8b6ae943a409bda84aba4fd) Importer(815301076,1909f56bfc062723c751e8b465ee728b)  -> (artifact id: '6befe2fc8852c5c13fc287e80ccfc7bd') in 0.004450 seconds
  Import took 0.029829 seconds .

========================================================================
Received Prepare
Registering precompiled user dll's ...
Registered in 0.038580 seconds.
Begin MonoManager ReloadAssembly
Native extension for WindowsStandalone target not found
Refreshing native plugins compatible for Editor in 0.57 ms, found 1 plugins.
Preloading 0 native plugins for Editor in 0.00 ms.
Mono: successfully reloaded assembly
- Completed reload, in  1.018 seconds
Platform modules already initialized, skipping
Refreshing native plugins compatible for Editor in 0.84 ms, found 1 plugins.
Preloading 0 native plugins for Editor in 0.00 ms.
Unloading 2096 Unused Serialized files (Serialized files now loaded: 0)
System memory in use before: 105.3 MB.
System memory in use after: 105.1 MB.

Unloading 15 unused Assets to reduce memory usage. Loaded Objects now: 2728.
Total: 5.774100 ms (FindLiveObjects: 0.629000 ms CreateObjectMapping: 0.197200 ms MarkObjects: 4.403600 ms  DeleteObjects: 0.542200 ms)

========================================================================
Received Import Request.
  Time since last request: 72.053649 seconds.
  path: Assets/Scripts/Player.cs
  artifactKey: Guid(083d8100c8b6ae943a409bda84aba4fd) Importer(815301076,1909f56bfc062723c751e8b465ee728b)
Start importing Assets/Scripts/Player.cs using Guid(083d8100c8b6ae943a409bda84aba4fd) Importer(815301076,1909f56bfc062723c751e8b465ee728b)  -> (artifact id: 'fc62fc34e4218a4a932fb445f082a3f1') in 0.010753 seconds
  Import took 0.066029 seconds .

========================================================================
Received Prepare
Registering precompiled user dll's ...
Registered in 0.001208 seconds.
Begin MonoManager ReloadAssembly
Native extension for WindowsStandalone target not found
Refreshing native plugins compatible for Editor in 0.47 ms, found 1 plugins.
Preloading 0 native plugins for Editor in 0.00 ms.
Mono: successfully reloaded assembly
- Completed reload, in  1.008 seconds
Platform modules already initialized, skipping
Refreshing native plugins compatible for Editor in 0.54 ms, found 1 plugins.
Preloading 0 native plugins for Editor in 0.00 ms.
Unloading 2096 Unused Serialized files (Serialized files now loaded: 0)
System memory in use before: 105.3 MB.
System memory in use after: 105.1 MB.

Unloading 15 unused Assets to reduce memory usage. Loaded Objects now: 2732.
Total: 3.392500 ms (FindLiveObjects: 0.628300 ms CreateObjectMapping: 0.225200 ms MarkObjects: 2.036200 ms  DeleteObjects: 0.501500 ms)

========================================================================
Received Prepare
Registering precompiled user dll's ...
Registered in 0.001221 seconds.
Begin MonoManager ReloadAssembly
Native extension for WindowsStandalone target not found
Refreshing native plugins compatible for Editor in 0.91 ms, found 1 plugins.
Preloading 0 native plugins for Editor in 0.00 ms.
Mono: successfully reloaded assembly
- Completed reload, in  1.184 seconds
Platform modules already initialized, skipping
Refreshing native plugins compatible for Editor in 1.47 ms, found 1 plugins.
Preloading 0 native plugins for Editor in 0.00 ms.
Unloading 2096 Unused Serialized files (Serialized files now loaded: 0)
System memory in use before: 105.4 MB.
System memory in use after: 105.1 MB.

Unloading 15 unused Assets to reduce memory usage. Loaded Objects now: 2736.
Total: 6.729600 ms (FindLiveObjects: 0.432700 ms CreateObjectMapping: 0.201100 ms MarkObjects: 5.396700 ms  DeleteObjects: 0.696900 ms)

========================================================================
Received Prepare
Registering precompiled user dll's ...
Registered in 0.001156 seconds.
Begin MonoManager ReloadAssembly
Native extension for WindowsStandalone target not found
Refreshing native plugins compatible for Editor in 0.59 ms, found 1 plugins.
Preloading 0 native plugins for Editor in 0.00 ms.
Mono: successfully reloaded assembly
- Completed reload, in  1.290 seconds
Platform modules already initialized, skipping
Refreshing native plugins compatible for Editor in 0.87 ms, found 1 plugins.
Preloading 0 native plugins for Editor in 0.00 ms.
Unloading 2096 Unused Serialized files (Serialized files now loaded: 0)
System memory in use before: 105.4 MB.
System memory in use after: 105.1 MB.

Unloading 15 unused Assets to reduce memory usage. Loaded Objects now: 2740.
Total: 3.288100 ms (FindLiveObjects: 0.336100 ms CreateObjectMapping: 0.105700 ms MarkObjects: 2.297400 ms  DeleteObjects: 0.548000 ms)

========================================================================
Received Prepare
Registering precompiled user dll's ...
Registered in 0.001094 seconds.
Begin MonoManager ReloadAssembly
Native extension for WindowsStandalone target not found
Refreshing native plugins compatible for Editor in 0.47 ms, found 1 plugins.
Preloading 0 native plugins for Editor in 0.00 ms.
Mono: successfully reloaded assembly
- Completed reload, in  1.000 seconds
Platform modules already initialized, skipping
Refreshing native plugins compatible for Editor in 0.56 ms, found 1 plugins.
Preloading 0 native plugins for Editor in 0.00 ms.
Unloading 2096 Unused Serialized files (Serialized files now loaded: 0)
System memory in use before: 105.4 MB.
System memory in use after: 105.1 MB.

Unloading 15 unused Assets to reduce memory usage. Loaded Objects now: 2744.
Total: 4.520000 ms (FindLiveObjects: 0.498800 ms CreateObjectMapping: 0.134300 ms MarkObjects: 2.987000 ms  DeleteObjects: 0.898000 ms)

========================================================================
Received Prepare
Registering precompiled user dll's ...
Registered in 0.001044 seconds.
Begin MonoManager ReloadAssembly
Native extension for WindowsStandalone target not found
Refreshing native plugins compatible for Editor in 0.46 ms, found 1 plugins.
Preloading 0 native plugins for Editor in 0.00 ms.
Mono: successfully reloaded assembly
- Completed reload, in  1.160 seconds
Platform modules already initialized, skipping
Refreshing native plugins compatible for Editor in 0.49 ms, found 1 plugins.
Preloading 0 native plugins for Editor in 0.00 ms.
Unloading 2096 Unused Serialized files (Serialized files now loaded: 0)
System memory in use before: 105.4 MB.
System memory in use after: 105.1 MB.

Unloading 15 unused Assets to reduce memory usage. Loaded Objects now: 2748.
Total: 3.369200 ms (FindLiveObjects: 0.417700 ms CreateObjectMapping: 0.253000 ms MarkObjects: 2.199600 ms  DeleteObjects: 0.497400 ms)

========================================================================
Received Prepare
Registering precompiled user dll's ...
Registered in 0.001270 seconds.
Begin MonoManager ReloadAssembly
Native extension for WindowsStandalone target not found
Refreshing native plugins compatible for Editor in 0.70 ms, found 1 plugins.
Preloading 0 native plugins for Editor in 0.00 ms.
Mono: successfully reloaded assembly
- Completed reload, in  1.013 seconds
Platform modules already initialized, skipping
Refreshing native plugins compatible for Editor in 0.48 ms, found 1 plugins.
Preloading 0 native plugins for Editor in 0.00 ms.
Unloading 2096 Unused Serialized files (Serialized files now loaded: 0)
System memory in use before: 105.4 MB.
System memory in use after: 105.1 MB.

Unloading 15 unused Assets to reduce memory usage. Loaded Objects now: 2752.
Total: 3.667600 ms (FindLiveObjects: 0.401300 ms CreateObjectMapping: 0.159900 ms MarkObjects: 2.621600 ms  DeleteObjects: 0.483700 ms)

========================================================================
Received Prepare
Registering precompiled user dll's ...
Registered in 0.001154 seconds.
Begin MonoManager ReloadAssembly
Native extension for WindowsStandalone target not found
Refreshing native plugins compatible for Editor in 0.49 ms, found 1 plugins.
Preloading 0 native plugins for Editor in 0.00 ms.
Mono: successfully reloaded assembly
- Completed reload, in  1.016 seconds
Platform modules already initialized, skipping
Refreshing native plugins compatible for Editor in 0.52 ms, found 1 plugins.
Preloading 0 native plugins for Editor in 0.00 ms.
Unloading 2096 Unused Serialized files (Serialized files now loaded: 0)
System memory in use before: 105.4 MB.
System memory in use after: 105.1 MB.

Unloading 15 unused Assets to reduce memory usage. Loaded Objects now: 2756.
Total: 3.590200 ms (FindLiveObjects: 0.470100 ms CreateObjectMapping: 0.189200 ms MarkObjects: 2.448300 ms  DeleteObjects: 0.481200 ms)

========================================================================
Received Prepare
Registering precompiled user dll's ...
Registered in 0.001141 seconds.
Begin MonoManager ReloadAssembly
Native extension for WindowsStandalone target not found
Refreshing native plugins compatible for Editor in 0.45 ms, found 1 plugins.
Preloading 0 native plugins for Editor in 0.00 ms.
Mono: successfully reloaded assembly
- Completed reload, in  1.140 seconds
Platform modules already initialized, skipping
Refreshing native plugins compatible for Editor in 0.49 ms, found 1 plugins.
Preloading 0 native plugins for Editor in 0.00 ms.
Unloading 2096 Unused Serialized files (Serialized files now loaded: 0)
System memory in use before: 105.4 MB.
System memory in use after: 105.1 MB.

Unloading 15 unused Assets to reduce memory usage. Loaded Objects now: 2760.
Total: 4.235300 ms (FindLiveObjects: 0.306900 ms CreateObjectMapping: 0.127000 ms MarkObjects: 3.296500 ms  DeleteObjects: 0.501900 ms)

========================================================================
Received Prepare
Registering precompiled user dll's ...
Registered in 0.001100 seconds.
Begin MonoManager ReloadAssembly
Native extension for WindowsStandalone target not found
Refreshing native plugins compatible for Editor in 0.72 ms, found 1 plugins.
Preloading 0 native plugins for Editor in 0.00 ms.
Mono: successfully reloaded assembly
- Completed reload, in  0.963 seconds
Platform modules already initialized, skipping
Refreshing native plugins compatible for Editor in 0.61 ms, found 1 plugins.
Preloading 0 native plugins for Editor in 0.00 ms.
Unloading 2096 Unused Serialized files (Serialized files now loaded: 0)
System memory in use before: 105.4 MB.
System memory in use after: 105.1 MB.

Unloading 15 unused Assets to reduce memory usage. Loaded Objects now: 2764.
Total: 4.191200 ms (FindLiveObjects: 0.484800 ms CreateObjectMapping: 0.115300 ms MarkObjects: 2.901600 ms  DeleteObjects: 0.688100 ms)

========================================================================
Received Import Request.
  Time since last request: 587.392130 seconds.
  path: Assets/Standard Assets
  artifactKey: Guid(c6195a43a0187a34e9c6be23520d3766) Importer(815301076,1909f56bfc062723c751e8b465ee728b)
Start importing Assets/Standard Assets using Guid(c6195a43a0187a34e9c6be23520d3766) Importer(815301076,1909f56bfc062723c751e8b465ee728b)  -> (artifact id: '230143dc770c51e9f5d3c7c24a299e33') in 0.291778 seconds
  Import took 0.335813 seconds .

========================================================================
Received Import Request.
  Time since last request: 2.180299 seconds.
  path: Assets/Scripts/Player.cs
  artifactKey: Guid(083d8100c8b6ae943a409bda84aba4fd) Importer(815301076,1909f56bfc062723c751e8b465ee728b)
Start importing Assets/Scripts/Player.cs using Guid(083d8100c8b6ae943a409bda84aba4fd) Importer(815301076,1909f56bfc062723c751e8b465ee728b)  -> (artifact id: '646f8765649b799534243af282df2b6d') in 0.003709 seconds
  Import took 0.035698 seconds .

========================================================================
Received Prepare
Registering precompiled user dll's ...
Registered in 0.001732 seconds.
Begin MonoManager ReloadAssembly
Native extension for WindowsStandalone target not found
Refreshing native plugins compatible for Editor in 0.46 ms, found 1 plugins.
Preloading 0 native plugins for Editor in 0.00 ms.
Mono: successfully reloaded assembly
- Completed reload, in  1.039 seconds
Platform modules already initialized, skipping
Refreshing native plugins compatible for Editor in 1.18 ms, found 1 plugins.
Preloading 0 native plugins for Editor in 0.00 ms.
Unloading 2096 Unused Serialized files (Serialized files now loaded: 0)
System memory in use before: 105.4 MB.
System memory in use after: 105.1 MB.

Unloading 15 unused Assets to reduce memory usage. Loaded Objects now: 2768.
Total: 4.448700 ms (FindLiveObjects: 1.006800 ms CreateObjectMapping: 0.210700 ms MarkObjects: 2.611900 ms  DeleteObjects: 0.618200 ms)

========================================================================
Received Import Request.
  Time since last request: 90.827756 seconds.
  path: Assets/Scripts/Player.cs
  artifactKey: Guid(083d8100c8b6ae943a409bda84aba4fd) Importer(815301076,1909f56bfc062723c751e8b465ee728b)
Start importing Assets/Scripts/Player.cs using Guid(083d8100c8b6ae943a409bda84aba4fd) Importer(815301076,1909f56bfc062723c751e8b465ee728b)  -> (artifact id: '8ea1ce5cd8821be013ac03450325b5e6') in 0.006683 seconds
  Import took 0.025234 seconds .

========================================================================
Received Prepare
Registering precompiled user dll's ...
Registered in 0.001081 seconds.
Begin MonoManager ReloadAssembly
Native extension for WindowsStandalone target not found
Refreshing native plugins compatible for Editor in 0.44 ms, found 1 plugins.
Preloading 0 native plugins for Editor in 0.00 ms.
Mono: successfully reloaded assembly
- Completed reload, in  1.040 seconds
Platform modules already initialized, skipping
Refreshing native plugins compatible for Editor in 0.50 ms, found 1 plugins.
Preloading 0 native plugins for Editor in 0.00 ms.
Unloading 2096 Unused Serialized files (Serialized files now loaded: 0)
System memory in use before: 105.4 MB.
System memory in use after: 105.2 MB.

Unloading 15 unused Assets to reduce memory usage. Loaded Objects now: 2772.
Total: 3.322800 ms (FindLiveObjects: 0.297500 ms CreateObjectMapping: 0.114700 ms MarkObjects: 2.287700 ms  DeleteObjects: 0.621800 ms)

========================================================================
Received Prepare
Registering precompiled user dll's ...
Registered in 0.001146 seconds.
Begin MonoManager ReloadAssembly
Native extension for WindowsStandalone target not found
Refreshing native plugins compatible for Editor in 0.59 ms, found 1 plugins.
Preloading 0 native plugins for Editor in 0.00 ms.
Mono: successfully reloaded assembly
- Completed reload, in  1.035 seconds
Platform modules already initialized, skipping
Refreshing native plugins compatible for Editor in 0.52 ms, found 1 plugins.
Preloading 0 native plugins for Editor in 0.00 ms.
Unloading 2096 Unused Serialized files (Serialized files now loaded: 0)
System memory in use before: 105.4 MB.
System memory in use after: 105.2 MB.

Unloading 15 unused Assets to reduce memory usage. Loaded Objects now: 2776.
Total: 3.340000 ms (FindLiveObjects: 0.316600 ms CreateObjectMapping: 0.129100 ms MarkObjects: 2.358000 ms  DeleteObjects: 0.535000 ms)

========================================================================
Received Prepare
Registering precompiled user dll's ...
Registered in 0.001119 seconds.
Begin MonoManager ReloadAssembly
Native extension for WindowsStandalone target not found
Refreshing native plugins compatible for Editor in 0.56 ms, found 1 plugins.
Preloading 0 native plugins for Editor in 0.00 ms.
Mono: successfully reloaded assembly
- Completed reload, in  1.033 seconds
Platform modules already initialized, skipping
Refreshing native plugins compatible for Editor in 0.51 ms, found 1 plugins.
Preloading 0 native plugins for Editor in 0.00 ms.
Unloading 2096 Unused Serialized files (Serialized files now loaded: 0)
System memory in use before: 105.4 MB.
System memory in use after: 105.2 MB.

Unloading 15 unused Assets to reduce memory usage. Loaded Objects now: 2780.
Total: 3.947800 ms (FindLiveObjects: 0.673000 ms CreateObjectMapping: 0.261300 ms MarkObjects: 2.453800 ms  DeleteObjects: 0.557800 ms)

========================================================================
Received Prepare
Registering precompiled user dll's ...
Registered in 0.001822 seconds.
Begin MonoManager ReloadAssembly
Native extension for WindowsStandalone target not found
Refreshing native plugins compatible for Editor in 0.45 ms, found 1 plugins.
Preloading 0 native plugins for Editor in 0.00 ms.
Mono: successfully reloaded assembly
- Completed reload, in  0.990 seconds
Platform modules already initialized, skipping
Refreshing native plugins compatible for Editor in 0.48 ms, found 1 plugins.
Preloading 0 native plugins for Editor in 0.00 ms.
Unloading 2096 Unused Serialized files (Serialized files now loaded: 0)
System memory in use before: 105.5 MB.
System memory in use after: 105.2 MB.

Unloading 15 unused Assets to reduce memory usage. Loaded Objects now: 2784.
Total: 3.874500 ms (FindLiveObjects: 0.286500 ms CreateObjectMapping: 0.124600 ms MarkObjects: 2.889100 ms  DeleteObjects: 0.571800 ms)

========================================================================
Received Import Request.
  Time since last request: 192.377573 seconds.
  path: Assets/Sprites & Tiles/Sprites/Sprite sheet.png
  artifactKey: Guid(6cd9d8044859ec64da7e731705f78f92) Importer(815301076,1909f56bfc062723c751e8b465ee728b)
Start importing Assets/Sprites & Tiles/Sprites/Sprite sheet.png using Guid(6cd9d8044859ec64da7e731705f78f92) Importer(815301076,1909f56bfc062723c751e8b465ee728b)  -> (artifact id: 'cfdfbc631bf7cca8e6c80203d3e5b9a6') in 0.245756 seconds
  Import took 0.277251 seconds .

========================================================================
Received Import Request.
  Time since last request: 8.518147 seconds.
  path: Assets/Sprites & Tiles/Sprites/Sprite sheet.png
  artifactKey: Guid(6cd9d8044859ec64da7e731705f78f92) Importer(815301076,1909f56bfc062723c751e8b465ee728b)
Start importing Assets/Sprites & Tiles/Sprites/Sprite sheet.png using Guid(6cd9d8044859ec64da7e731705f78f92) Importer(815301076,1909f56bfc062723c751e8b465ee728b)  -> (artifact id: 'b5518fe1c6b611c941f372dec8646452') in 0.144347 seconds
  Import took 0.150793 seconds .

========================================================================
Received Import Request.
  Time since last request: 5.952635 seconds.
  path: Assets/Sprites & Tiles/Sprites/Sprite sheet.png
  artifactKey: Guid(6cd9d8044859ec64da7e731705f78f92) Importer(815301076,1909f56bfc062723c751e8b465ee728b)
Start importing Assets/Sprites & Tiles/Sprites/Sprite sheet.png using Guid(6cd9d8044859ec64da7e731705f78f92) Importer(815301076,1909f56bfc062723c751e8b465ee728b)  -> (artifact id: '54d1dbfc88e7372c7088fe347d8cfa6e') in 0.123129 seconds
  Import took 0.129089 seconds .

========================================================================
Received Import Request.
  Time since last request: 6.451070 seconds.
  path: Assets/Sprites & Tiles/Sprites/Sprite sheet.png
  artifactKey: Guid(6cd9d8044859ec64da7e731705f78f92) Importer(815301076,1909f56bfc062723c751e8b465ee728b)
Start importing Assets/Sprites & Tiles/Sprites/Sprite sheet.png using Guid(6cd9d8044859ec64da7e731705f78f92) Importer(815301076,1909f56bfc062723c751e8b465ee728b)  -> (artifact id: '5895b3e2e0accbcf54e04deb300c5606') in 0.137729 seconds
  Import took 0.142370 seconds .

========================================================================
Received Prepare
Registering precompiled user dll's ...
Registered in 0.001414 seconds.
Begin MonoManager ReloadAssembly
Native extension for WindowsStandalone target not found
Refreshing native plugins compatible for Editor in 0.61 ms, found 1 plugins.
Preloading 0 native plugins for Editor in 0.00 ms.
Mono: successfully reloaded assembly
- Completed reload, in  1.037 seconds
Platform modules already initialized, skipping
Refreshing native plugins compatible for Editor in 0.49 ms, found 1 plugins.
Preloading 0 native plugins for Editor in 0.00 ms.
Unloading 2096 Unused Serialized files (Serialized files now loaded: 0)
System memory in use before: 105.5 MB.
System memory in use after: 105.2 MB.

Unloading 15 unused Assets to reduce memory usage. Loaded Objects now: 2789.
Total: 5.027900 ms (FindLiveObjects: 0.329000 ms CreateObjectMapping: 0.243900 ms MarkObjects: 3.798100 ms  DeleteObjects: 0.654600 ms)

========================================================================
Received Prepare
Registering precompiled user dll's ...
Registered in 0.001075 seconds.
Begin MonoManager ReloadAssembly
Native extension for WindowsStandalone target not found
Refreshing native plugins compatible for Editor in 0.50 ms, found 1 plugins.
Preloading 0 native plugins for Editor in 0.00 ms.
Mono: successfully reloaded assembly
- Completed reload, in  1.025 seconds
Platform modules already initialized, skipping
Refreshing native plugins compatible for Editor in 0.49 ms, found 1 plugins.
Preloading 0 native plugins for Editor in 0.00 ms.
Unloading 2096 Unused Serialized files (Serialized files now loaded: 0)
System memory in use before: 105.5 MB.
System memory in use after: 105.2 MB.

Unloading 15 unused Assets to reduce memory usage. Loaded Objects now: 2793.
Total: 3.879700 ms (FindLiveObjects: 0.751400 ms CreateObjectMapping: 0.201900 ms MarkObjects: 2.328100 ms  DeleteObjects: 0.596600 ms)

AssetImportWorkerClient::OnTransportError - code=2 error=End of file
