Using pre-set license
Built from '2020.3/release' branch; Version is '2020.3.7f1 (dd97f2c94397) revision 14522354'; Using compiler version '192528614'; Build Type 'Release'
OS: 'Windows 10 Home Single Language; OS build 19042.985; Version 2009; 64bit' Language: 'en' Physical Memory: 16221 MB
BatchMode: 1, IsHumanControllingUs: 0, StartBugReporterOnCrash: 0, Is64bit: 1, IsPro: 0

 COMMAND LINE ARGUMENTS:
C:\Program Files\Unity\Hub\Editor\2020.3.7f1\Editor\Unity.exe
-adb2
-batchMode
-noUpm
-name
AssetImportWorker0
-projectPath
C:/Users/Nitro/Desktop/Misc/Unity/PLATFORMER-AEV
-logFile
Logs/AssetImportWorker0.log
-srvPort
50284
Successfully changed project path to: C:/Users/Nitro/Desktop/Misc/Unity/PLATFORMER-AEV
C:/Users/Nitro/Desktop/Misc/Unity/PLATFORMER-AEV
Using Asset Import Pipeline V2.
Refreshing native plugins compatible for Editor in 51.92 ms, found 1 plugins.
Preloading 0 native plugins for Editor in 0.00 ms.
Initialize engine version: 2020.3.7f1 (dd97f2c94397)
[Subsystems] Discovering subsystems at path C:/Program Files/Unity/Hub/Editor/2020.3.7f1/Editor/Data/Resources/UnitySubsystems
[Subsystems] Discovering subsystems at path C:/Users/Nitro/Desktop/Misc/Unity/PLATFORMER-AEV/Assets
GfxDevice: creating device client; threaded=0
Direct3D:
    Version:  Direct3D 11.0 [level 11.1]
    Renderer: NVIDIA GeForce GTX 1650 (ID=0x1f91)
    Vendor:   
    VRAM:     3962 MB
    Driver:   27.21.14.6627
Initialize mono
Mono path[0] = 'C:/Program Files/Unity/Hub/Editor/2020.3.7f1/Editor/Data/Managed'
Mono path[1] = 'C:/Program Files/Unity/Hub/Editor/2020.3.7f1/Editor/Data/MonoBleedingEdge/lib/mono/unityjit'
Mono config path = 'C:/Program Files/Unity/Hub/Editor/2020.3.7f1/Editor/Data/MonoBleedingEdge/etc'
Using monoOptions --debugger-agent=transport=dt_socket,embedding=1,server=y,suspend=n,address=127.0.0.1:56640
Begin MonoManager ReloadAssembly
Registering precompiled unity dll's ...
Register platform support module: C:/Program Files/Unity/Hub/Editor/2020.3.7f1/Editor/Data/PlaybackEngines/WindowsStandaloneSupport/UnityEditor.WindowsStandalone.Extensions.dll
Registered in 0.002201 seconds.
Native extension for WindowsStandalone target not found
Refreshing native plugins compatible for Editor in 52.15 ms, found 1 plugins.
Preloading 0 native plugins for Editor in 0.00 ms.
Mono: successfully reloaded assembly
- Completed reload, in  1.435 seconds
Platform modules already initialized, skipping
Registering precompiled user dll's ...
Registered in 0.001120 seconds.
Begin MonoManager ReloadAssembly
Native extension for WindowsStandalone target not found
Refreshing native plugins compatible for Editor in 51.10 ms, found 1 plugins.
Preloading 0 native plugins for Editor in 0.00 ms.
Mono: successfully reloaded assembly
- Completed reload, in  1.141 seconds
Platform modules already initialized, skipping
========================================================================
Worker process is ready to serve import requests
Launched and connected shader compiler UnityShaderCompiler.exe after 0.11 seconds
Refreshing native plugins compatible for Editor in 0.75 ms, found 1 plugins.
Preloading 0 native plugins for Editor in 0.00 ms.
Unloading 2123 Unused Serialized files (Serialized files now loaded: 0)
System memory in use before: 103.1 MB.
System memory in use after: 102.7 MB.

Unloading 27 unused Assets to reduce memory usage. Loaded Objects now: 2569.
Total: 5.473700 ms (FindLiveObjects: 1.493700 ms CreateObjectMapping: 0.245500 ms MarkObjects: 3.206600 ms  DeleteObjects: 0.526200 ms)

========================================================================
Received Import Request.
  path: Assets/Sprites & Tiles/Sprites/SPA_Ladder.png
  artifactKey: Guid(03cab61bceb86a943934576d0ccdd237) Importer(815301076,1909f56bfc062723c751e8b465ee728b)
Start importing Assets/Sprites & Tiles/Sprites/SPA_Ladder.png using Guid(03cab61bceb86a943934576d0ccdd237) Importer(815301076,1909f56bfc062723c751e8b465ee728b)  -> (artifact id: 'cadd5f351dfe1790af1f528dc74f85b2') in 0.169031 seconds
  Import took 0.173796 seconds .

========================================================================
Received Import Request.
  Time since last request: 0.000285 seconds.
  path: Assets/Sprites & Tiles/Sprites/SPA_Rock_Grass_Water.png
  artifactKey: Guid(8be41d7e07283c14c981985db84a5139) Importer(815301076,1909f56bfc062723c751e8b465ee728b)
Start importing Assets/Sprites & Tiles/Sprites/SPA_Rock_Grass_Water.png using Guid(8be41d7e07283c14c981985db84a5139) Importer(815301076,1909f56bfc062723c751e8b465ee728b)  -> (artifact id: '9ac42f4fa67b8e8ca4d38087f7ebff6a') in 0.071991 seconds
  Import took 0.075963 seconds .

========================================================================
Received Import Request.
  Time since last request: 0.000196 seconds.
  path: Assets/Sprites & Tiles/Sprites/SPA_Background brown tint.png
  artifactKey: Guid(1a812851d4e44b74f8cdf7ab92492664) Importer(815301076,1909f56bfc062723c751e8b465ee728b)
Start importing Assets/Sprites & Tiles/Sprites/SPA_Background brown tint.png using Guid(1a812851d4e44b74f8cdf7ab92492664) Importer(815301076,1909f56bfc062723c751e8b465ee728b)  -> (artifact id: '5a981c992a35a2cb9fba83d66b8b3f9e') in 0.044096 seconds
  Import took 0.047206 seconds .

========================================================================
Received Import Request.
  Time since last request: 0.000221 seconds.
  path: Assets/Sprites & Tiles/Sprites/SPA_Player_Ginger.png
  artifactKey: Guid(1c7980b0b7a22f646880379532b989c1) Importer(815301076,1909f56bfc062723c751e8b465ee728b)
Start importing Assets/Sprites & Tiles/Sprites/SPA_Player_Ginger.png using Guid(1c7980b0b7a22f646880379532b989c1) Importer(815301076,1909f56bfc062723c751e8b465ee728b)  -> (artifact id: 'ef39a645700c455f5692f27f448475ca') in 0.070595 seconds
  Import took 0.074257 seconds .

========================================================================
Received Import Request.
  Time since last request: 0.000278 seconds.
  path: Assets/Sprites & Tiles/Sprites/Sprite sheet.png
  artifactKey: Guid(6cd9d8044859ec64da7e731705f78f92) Importer(815301076,1909f56bfc062723c751e8b465ee728b)
Start importing Assets/Sprites & Tiles/Sprites/Sprite sheet.png using Guid(6cd9d8044859ec64da7e731705f78f92) Importer(815301076,1909f56bfc062723c751e8b465ee728b)  -> (artifact id: '12b3dff03ab08b7dcf7f4db1a6016dd3') in 0.117726 seconds
  Import took 0.124442 seconds .

========================================================================
Received Prepare
Registering precompiled user dll's ...
Registered in 0.001122 seconds.
Begin MonoManager ReloadAssembly
Native extension for WindowsStandalone target not found
Refreshing native plugins compatible for Editor in 0.45 ms, found 1 plugins.
Preloading 0 native plugins for Editor in 0.00 ms.
Mono: successfully reloaded assembly
- Completed reload, in  1.034 seconds
Platform modules already initialized, skipping
Refreshing native plugins compatible for Editor in 0.42 ms, found 1 plugins.
Preloading 0 native plugins for Editor in 0.00 ms.
Unloading 2096 Unused Serialized files (Serialized files now loaded: 0)
System memory in use before: 103.9 MB.
System memory in use after: 103.6 MB.

Unloading 15 unused Assets to reduce memory usage. Loaded Objects now: 2584.
Total: 2.628500 ms (FindLiveObjects: 0.352600 ms CreateObjectMapping: 0.140600 ms MarkObjects: 1.763600 ms  DeleteObjects: 0.369800 ms)

========================================================================
Received Import Request.
  Time since last request: 200.910577 seconds.
  path: Assets/Animations/Player.controller
  artifactKey: Guid(f8c24aa908c355c4e85d4fe4e4872a67) Importer(815301076,1909f56bfc062723c751e8b465ee728b)
Start importing Assets/Animations/Player.controller using Guid(f8c24aa908c355c4e85d4fe4e4872a67) Importer(815301076,1909f56bfc062723c751e8b465ee728b)  -> (artifact id: '6d19ff0964f526483ed7199849fc8ae6') in 0.018832 seconds
  Import took 0.022326 seconds .

========================================================================
Received Import Request.
  Time since last request: 23.459335 seconds.
  path: Assets/Animations/Jump.anim
  artifactKey: Guid(53e650c8ad651db4993b2fe09673f941) Importer(815301076,1909f56bfc062723c751e8b465ee728b)
Start importing Assets/Animations/Jump.anim using Guid(53e650c8ad651db4993b2fe09673f941) Importer(815301076,1909f56bfc062723c751e8b465ee728b)  -> (artifact id: '942dcb73808c8956c552cafe5ddaf212') in 0.005069 seconds
  Import took 0.008516 seconds .

========================================================================
Received Import Request.
  Time since last request: 0.008235 seconds.
  path: Assets/Animations/Jump.anim
  artifactKey: Guid(53e650c8ad651db4993b2fe09673f941) Importer(815301076,1909f56bfc062723c751e8b465ee728b)
Start importing Assets/Animations/Jump.anim using Guid(53e650c8ad651db4993b2fe09673f941) Importer(815301076,1909f56bfc062723c751e8b465ee728b)  -> (artifact id: '942dcb73808c8956c552cafe5ddaf212') in 0.002413 seconds
  Import took 0.005639 seconds .

========================================================================
Received Import Request.
  Time since last request: 150.199698 seconds.
  path: Assets/Animations/Idle.anim
  artifactKey: Guid(7c45a5fc9c6aab5488c9131f28779878) Importer(815301076,1909f56bfc062723c751e8b465ee728b)
Start importing Assets/Animations/Idle.anim using Guid(7c45a5fc9c6aab5488c9131f28779878) Importer(815301076,1909f56bfc062723c751e8b465ee728b)  -> (artifact id: '6114a4b3d67efb96d98bc5e13234fcaf') in 0.002524 seconds
  Import took 0.007014 seconds .

========================================================================
Received Import Request.
  Time since last request: 0.009019 seconds.
  path: Assets/Animations/Idle.anim
  artifactKey: Guid(7c45a5fc9c6aab5488c9131f28779878) Importer(815301076,1909f56bfc062723c751e8b465ee728b)
Start importing Assets/Animations/Idle.anim using Guid(7c45a5fc9c6aab5488c9131f28779878) Importer(815301076,1909f56bfc062723c751e8b465ee728b)  -> (artifact id: '6114a4b3d67efb96d98bc5e13234fcaf') in 0.003237 seconds
  Import took 0.007394 seconds .

========================================================================
Received Import Request.
  Time since last request: 0.494864 seconds.
  path: Assets/Animations/Run.anim
  artifactKey: Guid(4b977f28c66254841b39a26d5cc3b1f8) Importer(815301076,1909f56bfc062723c751e8b465ee728b)
Start importing Assets/Animations/Run.anim using Guid(4b977f28c66254841b39a26d5cc3b1f8) Importer(815301076,1909f56bfc062723c751e8b465ee728b)  -> (artifact id: '0c3ec1061ba53d1443e86b3e77c5b9a9') in 0.002845 seconds
  Import took 0.006250 seconds .

========================================================================
Received Import Request.
  Time since last request: 103.637995 seconds.
  path: Assets/Animations/Player.controller
  artifactKey: Guid(f8c24aa908c355c4e85d4fe4e4872a67) Importer(815301076,1909f56bfc062723c751e8b465ee728b)
Start importing Assets/Animations/Player.controller using Guid(f8c24aa908c355c4e85d4fe4e4872a67) Importer(815301076,1909f56bfc062723c751e8b465ee728b)  -> (artifact id: '2bed6ffbca1106e94fcec7ce02fcbae2') in 0.006339 seconds
  Import took 0.009715 seconds .

========================================================================
Received Import Request.
  Time since last request: 26.043398 seconds.
  path: Assets/Scripts/Player.cs
  artifactKey: Guid(083d8100c8b6ae943a409bda84aba4fd) Importer(815301076,1909f56bfc062723c751e8b465ee728b)
Start importing Assets/Scripts/Player.cs using Guid(083d8100c8b6ae943a409bda84aba4fd) Importer(815301076,1909f56bfc062723c751e8b465ee728b)  -> (artifact id: 'a0a856bc48bdba55312951f750adccda') in 0.030119 seconds
  Import took 0.033460 seconds .

========================================================================
Received Prepare
Registering precompiled user dll's ...
Registered in 0.001631 seconds.
Begin MonoManager ReloadAssembly
Native extension for WindowsStandalone target not found
Refreshing native plugins compatible for Editor in 0.42 ms, found 1 plugins.
Preloading 0 native plugins for Editor in 0.00 ms.
Mono: successfully reloaded assembly
- Completed reload, in  1.011 seconds
Platform modules already initialized, skipping
Refreshing native plugins compatible for Editor in 0.43 ms, found 1 plugins.
Preloading 0 native plugins for Editor in 0.00 ms.
Unloading 2096 Unused Serialized files (Serialized files now loaded: 0)
System memory in use before: 104.0 MB.
System memory in use after: 103.6 MB.

Unloading 15 unused Assets to reduce memory usage. Loaded Objects now: 2588.
Total: 3.687100 ms (FindLiveObjects: 0.345200 ms CreateObjectMapping: 0.129700 ms MarkObjects: 2.805900 ms  DeleteObjects: 0.404800 ms)

========================================================================
Received Import Request.
  Time since last request: 130.932428 seconds.
  path: Assets/Scripts/Player.cs
  artifactKey: Guid(083d8100c8b6ae943a409bda84aba4fd) Importer(815301076,1909f56bfc062723c751e8b465ee728b)
Start importing Assets/Scripts/Player.cs using Guid(083d8100c8b6ae943a409bda84aba4fd) Importer(815301076,1909f56bfc062723c751e8b465ee728b)  -> (artifact id: '5d6dc7cbb9f402dc48cd29f897cb7723') in 0.004636 seconds
  Import took 0.008890 seconds .

========================================================================
Received Prepare
Registering precompiled user dll's ...
Registered in 0.003957 seconds.
Begin MonoManager ReloadAssembly
Native extension for WindowsStandalone target not found
Refreshing native plugins compatible for Editor in 0.46 ms, found 1 plugins.
Preloading 0 native plugins for Editor in 0.00 ms.
Mono: successfully reloaded assembly
- Completed reload, in  1.155 seconds
Platform modules already initialized, skipping
Refreshing native plugins compatible for Editor in 0.62 ms, found 1 plugins.
Preloading 0 native plugins for Editor in 0.00 ms.
Unloading 2096 Unused Serialized files (Serialized files now loaded: 0)
System memory in use before: 104.0 MB.
System memory in use after: 103.6 MB.

Unloading 15 unused Assets to reduce memory usage. Loaded Objects now: 2592.
Total: 4.406000 ms (FindLiveObjects: 0.344600 ms CreateObjectMapping: 0.139600 ms MarkObjects: 3.502200 ms  DeleteObjects: 0.417600 ms)

========================================================================
Received Import Request.
  Time since last request: 68.737933 seconds.
  path: Assets/Scripts/Player.cs
  artifactKey: Guid(083d8100c8b6ae943a409bda84aba4fd) Importer(815301076,1909f56bfc062723c751e8b465ee728b)
Start importing Assets/Scripts/Player.cs using Guid(083d8100c8b6ae943a409bda84aba4fd) Importer(815301076,1909f56bfc062723c751e8b465ee728b)  -> (artifact id: 'db79b1593fba3ed96165eb209faf8efd') in 0.028034 seconds
  Import took 0.037237 seconds .

========================================================================
Received Prepare
Registering precompiled user dll's ...
Registered in 0.002215 seconds.
Begin MonoManager ReloadAssembly
Native extension for WindowsStandalone target not found
Refreshing native plugins compatible for Editor in 0.47 ms, found 1 plugins.
Preloading 0 native plugins for Editor in 0.00 ms.
Mono: successfully reloaded assembly
- Completed reload, in  1.387 seconds
Platform modules already initialized, skipping
Refreshing native plugins compatible for Editor in 0.42 ms, found 1 plugins.
Preloading 0 native plugins for Editor in 0.00 ms.
Unloading 2096 Unused Serialized files (Serialized files now loaded: 0)
System memory in use before: 104.0 MB.
System memory in use after: 103.7 MB.

Unloading 15 unused Assets to reduce memory usage. Loaded Objects now: 2596.
Total: 2.803200 ms (FindLiveObjects: 0.325100 ms CreateObjectMapping: 0.136100 ms MarkObjects: 1.945500 ms  DeleteObjects: 0.395400 ms)

========================================================================
Received Prepare
Registering precompiled user dll's ...
Registered in 0.001221 seconds.
Begin MonoManager ReloadAssembly
Native extension for WindowsStandalone target not found
Refreshing native plugins compatible for Editor in 1.20 ms, found 1 plugins.
Preloading 0 native plugins for Editor in 0.00 ms.
Mono: successfully reloaded assembly
- Completed reload, in  1.526 seconds
Platform modules already initialized, skipping
Refreshing native plugins compatible for Editor in 0.45 ms, found 1 plugins.
Preloading 0 native plugins for Editor in 0.00 ms.
Unloading 2096 Unused Serialized files (Serialized files now loaded: 0)
System memory in use before: 104.1 MB.
System memory in use after: 103.7 MB.

Unloading 15 unused Assets to reduce memory usage. Loaded Objects now: 2600.
Total: 4.521200 ms (FindLiveObjects: 0.394700 ms CreateObjectMapping: 0.403500 ms MarkObjects: 3.317300 ms  DeleteObjects: 0.404200 ms)

========================================================================
Received Prepare
Registering precompiled user dll's ...
Registered in 0.001136 seconds.
Begin MonoManager ReloadAssembly
Native extension for WindowsStandalone target not found
Refreshing native plugins compatible for Editor in 0.48 ms, found 1 plugins.
Preloading 0 native plugins for Editor in 0.00 ms.
Mono: successfully reloaded assembly
- Completed reload, in  1.142 seconds
Platform modules already initialized, skipping
Refreshing native plugins compatible for Editor in 0.49 ms, found 1 plugins.
Preloading 0 native plugins for Editor in 0.00 ms.
Unloading 2096 Unused Serialized files (Serialized files now loaded: 0)
System memory in use before: 104.1 MB.
System memory in use after: 103.7 MB.

Unloading 15 unused Assets to reduce memory usage. Loaded Objects now: 2604.
Total: 2.972500 ms (FindLiveObjects: 0.229800 ms CreateObjectMapping: 0.103900 ms MarkObjects: 2.169700 ms  DeleteObjects: 0.467800 ms)

========================================================================
Received Prepare
Registering precompiled user dll's ...
Registered in 0.001331 seconds.
Begin MonoManager ReloadAssembly
Native extension for WindowsStandalone target not found
Refreshing native plugins compatible for Editor in 0.42 ms, found 1 plugins.
Preloading 0 native plugins for Editor in 0.00 ms.
Mono: successfully reloaded assembly
- Completed reload, in  1.090 seconds
Platform modules already initialized, skipping
Refreshing native plugins compatible for Editor in 0.65 ms, found 1 plugins.
Preloading 0 native plugins for Editor in 0.00 ms.
Unloading 2096 Unused Serialized files (Serialized files now loaded: 0)
System memory in use before: 104.1 MB.
System memory in use after: 103.7 MB.

Unloading 15 unused Assets to reduce memory usage. Loaded Objects now: 2608.
Total: 4.816200 ms (FindLiveObjects: 0.375500 ms CreateObjectMapping: 0.293300 ms MarkObjects: 3.713900 ms  DeleteObjects: 0.432000 ms)

========================================================================
Received Prepare
Registering precompiled user dll's ...
Registered in 0.001293 seconds.
Begin MonoManager ReloadAssembly
Native extension for WindowsStandalone target not found
Refreshing native plugins compatible for Editor in 0.45 ms, found 1 plugins.
Preloading 0 native plugins for Editor in 0.00 ms.
Mono: successfully reloaded assembly
- Completed reload, in  1.235 seconds
Platform modules already initialized, skipping
Refreshing native plugins compatible for Editor in 0.46 ms, found 1 plugins.
Preloading 0 native plugins for Editor in 0.00 ms.
Unloading 2096 Unused Serialized files (Serialized files now loaded: 0)
System memory in use before: 104.1 MB.
System memory in use after: 103.7 MB.

Unloading 15 unused Assets to reduce memory usage. Loaded Objects now: 2612.
Total: 5.126000 ms (FindLiveObjects: 0.459500 ms CreateObjectMapping: 0.164100 ms MarkObjects: 3.881000 ms  DeleteObjects: 0.619300 ms)

========================================================================
Received Prepare
Registering precompiled user dll's ...
Registered in 0.001593 seconds.
Begin MonoManager ReloadAssembly
Native extension for WindowsStandalone target not found
Refreshing native plugins compatible for Editor in 1.11 ms, found 1 plugins.
Preloading 0 native plugins for Editor in 0.00 ms.
Mono: successfully reloaded assembly
- Completed reload, in  1.350 seconds
Platform modules already initialized, skipping
Refreshing native plugins compatible for Editor in 0.51 ms, found 1 plugins.
Preloading 0 native plugins for Editor in 0.00 ms.
Unloading 2096 Unused Serialized files (Serialized files now loaded: 0)
System memory in use before: 104.1 MB.
System memory in use after: 103.7 MB.

Unloading 15 unused Assets to reduce memory usage. Loaded Objects now: 2616.
Total: 3.479200 ms (FindLiveObjects: 0.240800 ms CreateObjectMapping: 0.116300 ms MarkObjects: 2.626900 ms  DeleteObjects: 0.493200 ms)

========================================================================
Received Prepare
Registering precompiled user dll's ...
Registered in 0.001164 seconds.
Begin MonoManager ReloadAssembly
Native extension for WindowsStandalone target not found
Refreshing native plugins compatible for Editor in 0.45 ms, found 1 plugins.
Preloading 0 native plugins for Editor in 0.00 ms.
Mono: successfully reloaded assembly
- Completed reload, in  1.385 seconds
Platform modules already initialized, skipping
Refreshing native plugins compatible for Editor in 0.53 ms, found 1 plugins.
Preloading 0 native plugins for Editor in 0.00 ms.
Unloading 2096 Unused Serialized files (Serialized files now loaded: 0)
System memory in use before: 104.1 MB.
System memory in use after: 103.8 MB.

Unloading 15 unused Assets to reduce memory usage. Loaded Objects now: 2620.
Total: 2.408700 ms (FindLiveObjects: 0.232800 ms CreateObjectMapping: 0.084200 ms MarkObjects: 1.685700 ms  DeleteObjects: 0.404500 ms)

========================================================================
Received Prepare
Registering precompiled user dll's ...
Registered in 0.001828 seconds.
Begin MonoManager ReloadAssembly
Native extension for WindowsStandalone target not found
Refreshing native plugins compatible for Editor in 0.80 ms, found 1 plugins.
Preloading 0 native plugins for Editor in 0.00 ms.
Mono: successfully reloaded assembly
- Completed reload, in  1.502 seconds
Platform modules already initialized, skipping
Refreshing native plugins compatible for Editor in 0.47 ms, found 1 plugins.
Preloading 0 native plugins for Editor in 0.00 ms.
Unloading 2096 Unused Serialized files (Serialized files now loaded: 0)
System memory in use before: 104.1 MB.
System memory in use after: 103.8 MB.

Unloading 15 unused Assets to reduce memory usage. Loaded Objects now: 2624.
Total: 8.497100 ms (FindLiveObjects: 0.432700 ms CreateObjectMapping: 0.159500 ms MarkObjects: 7.377800 ms  DeleteObjects: 0.524600 ms)

========================================================================
Received Import Request.
  Time since last request: 875.596707 seconds.
  path: Assets/Animations/Player.controller
  artifactKey: Guid(f8c24aa908c355c4e85d4fe4e4872a67) Importer(815301076,1909f56bfc062723c751e8b465ee728b)
Start importing Assets/Animations/Player.controller using Guid(f8c24aa908c355c4e85d4fe4e4872a67) Importer(815301076,1909f56bfc062723c751e8b465ee728b)  -> (artifact id: '0790a81cc170c91c47a9c42b5776806d') in 0.020208 seconds
  Import took 0.023937 seconds .

========================================================================
Received Prepare
Registering precompiled user dll's ...
Registered in 0.001103 seconds.
Begin MonoManager ReloadAssembly
Native extension for WindowsStandalone target not found
Refreshing native plugins compatible for Editor in 0.70 ms, found 1 plugins.
Preloading 0 native plugins for Editor in 0.00 ms.
Mono: successfully reloaded assembly
- Completed reload, in  1.698 seconds
Platform modules already initialized, skipping
Refreshing native plugins compatible for Editor in 0.74 ms, found 1 plugins.
Preloading 0 native plugins for Editor in 0.00 ms.
Unloading 2096 Unused Serialized files (Serialized files now loaded: 0)
System memory in use before: 104.1 MB.
System memory in use after: 103.8 MB.

Unloading 15 unused Assets to reduce memory usage. Loaded Objects now: 2628.
Total: 3.318300 ms (FindLiveObjects: 0.248600 ms CreateObjectMapping: 0.106900 ms MarkObjects: 2.267600 ms  DeleteObjects: 0.693400 ms)

========================================================================
Received Import Request.
  Time since last request: 28.922826 seconds.
  path: Assets/Animations/Player.controller
  artifactKey: Guid(f8c24aa908c355c4e85d4fe4e4872a67) Importer(815301076,1909f56bfc062723c751e8b465ee728b)
Start importing Assets/Animations/Player.controller using Guid(f8c24aa908c355c4e85d4fe4e4872a67) Importer(815301076,1909f56bfc062723c751e8b465ee728b)  -> (artifact id: '6536370011ec7ade9c8b88012ab23780') in 0.022436 seconds
  Import took 0.026976 seconds .

========================================================================
Received Prepare
Registering precompiled user dll's ...
Registered in 0.001615 seconds.
Begin MonoManager ReloadAssembly
Native extension for WindowsStandalone target not found
Refreshing native plugins compatible for Editor in 0.48 ms, found 1 plugins.
Preloading 0 native plugins for Editor in 0.00 ms.
Mono: successfully reloaded assembly
- Completed reload, in  1.197 seconds
Platform modules already initialized, skipping
Refreshing native plugins compatible for Editor in 0.47 ms, found 1 plugins.
Preloading 0 native plugins for Editor in 0.00 ms.
Unloading 2096 Unused Serialized files (Serialized files now loaded: 0)
System memory in use before: 104.2 MB.
System memory in use after: 103.8 MB.

Unloading 15 unused Assets to reduce memory usage. Loaded Objects now: 2632.
Total: 2.813700 ms (FindLiveObjects: 0.231600 ms CreateObjectMapping: 0.111100 ms MarkObjects: 2.042000 ms  DeleteObjects: 0.427000 ms)

========================================================================
Received Prepare
Registering precompiled user dll's ...
Registered in 0.001267 seconds.
Begin MonoManager ReloadAssembly
Native extension for WindowsStandalone target not found
Refreshing native plugins compatible for Editor in 0.69 ms, found 1 plugins.
Preloading 0 native plugins for Editor in 0.00 ms.
Mono: successfully reloaded assembly
- Completed reload, in  1.285 seconds
Platform modules already initialized, skipping
Refreshing native plugins compatible for Editor in 0.44 ms, found 1 plugins.
Preloading 0 native plugins for Editor in 0.00 ms.
Unloading 2096 Unused Serialized files (Serialized files now loaded: 0)
System memory in use before: 104.2 MB.
System memory in use after: 103.8 MB.

Unloading 15 unused Assets to reduce memory usage. Loaded Objects now: 2636.
Total: 3.026400 ms (FindLiveObjects: 0.291800 ms CreateObjectMapping: 0.138200 ms MarkObjects: 2.094800 ms  DeleteObjects: 0.500200 ms)

========================================================================
Received Prepare
Registering precompiled user dll's ...
Registered in 0.002216 seconds.
Begin MonoManager ReloadAssembly
Native extension for WindowsStandalone target not found
Refreshing native plugins compatible for Editor in 0.69 ms, found 1 plugins.
Preloading 0 native plugins for Editor in 0.00 ms.
Mono: successfully reloaded assembly
- Completed reload, in  1.233 seconds
Platform modules already initialized, skipping
Refreshing native plugins compatible for Editor in 0.52 ms, found 1 plugins.
Preloading 0 native plugins for Editor in 0.00 ms.
Unloading 2096 Unused Serialized files (Serialized files now loaded: 0)
System memory in use before: 104.2 MB.
System memory in use after: 103.8 MB.

Unloading 15 unused Assets to reduce memory usage. Loaded Objects now: 2640.
Total: 4.238900 ms (FindLiveObjects: 0.859400 ms CreateObjectMapping: 0.213600 ms MarkObjects: 2.702500 ms  DeleteObjects: 0.461700 ms)

========================================================================
Received Prepare
Registering precompiled user dll's ...
Registered in 0.001679 seconds.
Begin MonoManager ReloadAssembly
Native extension for WindowsStandalone target not found
Refreshing native plugins compatible for Editor in 0.93 ms, found 1 plugins.
Preloading 0 native plugins for Editor in 0.00 ms.
Mono: successfully reloaded assembly
- Completed reload, in  1.351 seconds
Platform modules already initialized, skipping
Refreshing native plugins compatible for Editor in 0.50 ms, found 1 plugins.
Preloading 0 native plugins for Editor in 0.00 ms.
Unloading 2096 Unused Serialized files (Serialized files now loaded: 0)
System memory in use before: 104.2 MB.
System memory in use after: 103.8 MB.

Unloading 15 unused Assets to reduce memory usage. Loaded Objects now: 2644.
Total: 2.852000 ms (FindLiveObjects: 0.320000 ms CreateObjectMapping: 0.145200 ms MarkObjects: 1.981000 ms  DeleteObjects: 0.404700 ms)

========================================================================
Received Prepare
Registering precompiled user dll's ...
Registered in 0.001657 seconds.
Begin MonoManager ReloadAssembly
Native extension for WindowsStandalone target not found
Refreshing native plugins compatible for Editor in 1.06 ms, found 1 plugins.
Preloading 0 native plugins for Editor in 0.00 ms.
Mono: successfully reloaded assembly
- Completed reload, in  1.388 seconds
Platform modules already initialized, skipping
Refreshing native plugins compatible for Editor in 0.52 ms, found 1 plugins.
Preloading 0 native plugins for Editor in 0.00 ms.
Unloading 2096 Unused Serialized files (Serialized files now loaded: 0)
System memory in use before: 104.2 MB.
System memory in use after: 103.8 MB.

Unloading 15 unused Assets to reduce memory usage. Loaded Objects now: 2648.
Total: 2.611100 ms (FindLiveObjects: 0.205700 ms CreateObjectMapping: 0.082700 ms MarkObjects: 1.714600 ms  DeleteObjects: 0.606900 ms)

========================================================================
Received Prepare
Registering precompiled user dll's ...
Registered in 0.001122 seconds.
Begin MonoManager ReloadAssembly
Native extension for WindowsStandalone target not found
Refreshing native plugins compatible for Editor in 0.47 ms, found 1 plugins.
Preloading 0 native plugins for Editor in 0.00 ms.
Mono: successfully reloaded assembly
- Completed reload, in  1.653 seconds
Platform modules already initialized, skipping
Refreshing native plugins compatible for Editor in 0.46 ms, found 1 plugins.
Preloading 0 native plugins for Editor in 0.00 ms.
Unloading 2096 Unused Serialized files (Serialized files now loaded: 0)
System memory in use before: 104.2 MB.
System memory in use after: 103.8 MB.

Unloading 15 unused Assets to reduce memory usage. Loaded Objects now: 2652.
Total: 5.112400 ms (FindLiveObjects: 0.478000 ms CreateObjectMapping: 0.205600 ms MarkObjects: 3.570800 ms  DeleteObjects: 0.855700 ms)

========================================================================
Received Prepare
Registering precompiled user dll's ...
Registered in 0.001254 seconds.
Begin MonoManager ReloadAssembly
Native extension for WindowsStandalone target not found
Refreshing native plugins compatible for Editor in 0.44 ms, found 1 plugins.
Preloading 0 native plugins for Editor in 0.00 ms.
Mono: successfully reloaded assembly
- Completed reload, in  1.235 seconds
Platform modules already initialized, skipping
Refreshing native plugins compatible for Editor in 0.50 ms, found 1 plugins.
Preloading 0 native plugins for Editor in 0.00 ms.
Unloading 2096 Unused Serialized files (Serialized files now loaded: 0)
System memory in use before: 104.2 MB.
System memory in use after: 103.8 MB.

Unloading 15 unused Assets to reduce memory usage. Loaded Objects now: 2656.
Total: 4.574100 ms (FindLiveObjects: 0.738300 ms CreateObjectMapping: 0.278800 ms MarkObjects: 2.855000 ms  DeleteObjects: 0.698000 ms)

========================================================================
Received Prepare
Registering precompiled user dll's ...
Registered in 0.002707 seconds.
Begin MonoManager ReloadAssembly
Native extension for WindowsStandalone target not found
Refreshing native plugins compatible for Editor in 1.51 ms, found 1 plugins.
Preloading 0 native plugins for Editor in 0.00 ms.
Mono: successfully reloaded assembly
- Completed reload, in  1.568 seconds
Platform modules already initialized, skipping
Refreshing native plugins compatible for Editor in 0.43 ms, found 1 plugins.
Preloading 0 native plugins for Editor in 0.00 ms.
Unloading 2096 Unused Serialized files (Serialized files now loaded: 0)
System memory in use before: 104.2 MB.
System memory in use after: 103.8 MB.

Unloading 15 unused Assets to reduce memory usage. Loaded Objects now: 2660.
Total: 3.161300 ms (FindLiveObjects: 0.346800 ms CreateObjectMapping: 0.121400 ms MarkObjects: 2.005000 ms  DeleteObjects: 0.687000 ms)

========================================================================
Received Prepare
Registering precompiled user dll's ...
Registered in 0.001535 seconds.
Begin MonoManager ReloadAssembly
Native extension for WindowsStandalone target not found
Refreshing native plugins compatible for Editor in 0.80 ms, found 1 plugins.
Preloading 0 native plugins for Editor in 0.00 ms.
Mono: successfully reloaded assembly
- Completed reload, in  1.156 seconds
Platform modules already initialized, skipping
Refreshing native plugins compatible for Editor in 0.44 ms, found 1 plugins.
Preloading 0 native plugins for Editor in 0.00 ms.
Unloading 2096 Unused Serialized files (Serialized files now loaded: 0)
System memory in use before: 104.2 MB.
System memory in use after: 103.9 MB.

Unloading 15 unused Assets to reduce memory usage. Loaded Objects now: 2664.
Total: 2.410200 ms (FindLiveObjects: 0.311200 ms CreateObjectMapping: 0.092100 ms MarkObjects: 1.610000 ms  DeleteObjects: 0.396000 ms)

========================================================================
Received Prepare
Registering precompiled user dll's ...
Registered in 0.001218 seconds.
Begin MonoManager ReloadAssembly
Native extension for WindowsStandalone target not found
Refreshing native plugins compatible for Editor in 0.71 ms, found 1 plugins.
Preloading 0 native plugins for Editor in 0.00 ms.
Mono: successfully reloaded assembly
- Completed reload, in  1.385 seconds
Platform modules already initialized, skipping
Refreshing native plugins compatible for Editor in 0.70 ms, found 1 plugins.
Preloading 0 native plugins for Editor in 0.00 ms.
Unloading 2096 Unused Serialized files (Serialized files now loaded: 0)
System memory in use before: 104.2 MB.
System memory in use after: 103.9 MB.

Unloading 15 unused Assets to reduce memory usage. Loaded Objects now: 2668.
Total: 3.049100 ms (FindLiveObjects: 0.367900 ms CreateObjectMapping: 0.125300 ms MarkObjects: 2.135800 ms  DeleteObjects: 0.418500 ms)

========================================================================
Received Prepare
Registering precompiled user dll's ...
Registered in 0.001704 seconds.
Begin MonoManager ReloadAssembly
Native extension for WindowsStandalone target not found
Refreshing native plugins compatible for Editor in 0.56 ms, found 1 plugins.
Preloading 0 native plugins for Editor in 0.00 ms.
Mono: successfully reloaded assembly
- Completed reload, in  1.468 seconds
Platform modules already initialized, skipping
Refreshing native plugins compatible for Editor in 0.64 ms, found 1 plugins.
Preloading 0 native plugins for Editor in 0.00 ms.
Unloading 2096 Unused Serialized files (Serialized files now loaded: 0)
System memory in use before: 104.2 MB.
System memory in use after: 103.9 MB.

Unloading 15 unused Assets to reduce memory usage. Loaded Objects now: 2672.
Total: 5.257900 ms (FindLiveObjects: 0.363100 ms CreateObjectMapping: 0.117900 ms MarkObjects: 3.583200 ms  DeleteObjects: 1.191100 ms)

========================================================================
Received Prepare
Registering precompiled user dll's ...
Registered in 0.001245 seconds.
Begin MonoManager ReloadAssembly
Native extension for WindowsStandalone target not found
Refreshing native plugins compatible for Editor in 0.45 ms, found 1 plugins.
Preloading 0 native plugins for Editor in 0.00 ms.
Mono: successfully reloaded assembly
- Completed reload, in  1.120 seconds
Platform modules already initialized, skipping
Refreshing native plugins compatible for Editor in 0.47 ms, found 1 plugins.
Preloading 0 native plugins for Editor in 0.00 ms.
Unloading 2096 Unused Serialized files (Serialized files now loaded: 0)
System memory in use before: 104.3 MB.
System memory in use after: 103.9 MB.

Unloading 15 unused Assets to reduce memory usage. Loaded Objects now: 2676.
Total: 2.713600 ms (FindLiveObjects: 0.224900 ms CreateObjectMapping: 0.079500 ms MarkObjects: 2.004900 ms  DeleteObjects: 0.403400 ms)

========================================================================
Received Prepare
Registering precompiled user dll's ...
Registered in 0.001587 seconds.
Begin MonoManager ReloadAssembly
Native extension for WindowsStandalone target not found
Refreshing native plugins compatible for Editor in 0.45 ms, found 1 plugins.
Preloading 0 native plugins for Editor in 0.00 ms.
Mono: successfully reloaded assembly
- Completed reload, in  1.251 seconds
Platform modules already initialized, skipping
Refreshing native plugins compatible for Editor in 0.67 ms, found 1 plugins.
Preloading 0 native plugins for Editor in 0.00 ms.
Unloading 2096 Unused Serialized files (Serialized files now loaded: 0)
System memory in use before: 104.3 MB.
System memory in use after: 103.9 MB.

Unloading 15 unused Assets to reduce memory usage. Loaded Objects now: 2680.
Total: 4.249500 ms (FindLiveObjects: 0.506100 ms CreateObjectMapping: 0.253600 ms MarkObjects: 3.001800 ms  DeleteObjects: 0.486400 ms)

========================================================================
Received Prepare
Registering precompiled user dll's ...
Registered in 0.001120 seconds.
Begin MonoManager ReloadAssembly
Native extension for WindowsStandalone target not found
Refreshing native plugins compatible for Editor in 0.67 ms, found 1 plugins.
Preloading 0 native plugins for Editor in 0.00 ms.
Mono: successfully reloaded assembly
- Completed reload, in  1.099 seconds
Platform modules already initialized, skipping
Refreshing native plugins compatible for Editor in 0.42 ms, found 1 plugins.
Preloading 0 native plugins for Editor in 0.00 ms.
Unloading 2096 Unused Serialized files (Serialized files now loaded: 0)
System memory in use before: 104.3 MB.
System memory in use after: 103.9 MB.

Unloading 15 unused Assets to reduce memory usage. Loaded Objects now: 2684.
Total: 3.327700 ms (FindLiveObjects: 0.372000 ms CreateObjectMapping: 0.127900 ms MarkObjects: 2.415600 ms  DeleteObjects: 0.410800 ms)

========================================================================
Received Prepare
Registering precompiled user dll's ...
Registered in 0.001360 seconds.
Begin MonoManager ReloadAssembly
Native extension for WindowsStandalone target not found
Refreshing native plugins compatible for Editor in 2.79 ms, found 1 plugins.
Preloading 0 native plugins for Editor in 0.00 ms.
Mono: successfully reloaded assembly
- Completed reload, in  1.209 seconds
Platform modules already initialized, skipping
Refreshing native plugins compatible for Editor in 0.43 ms, found 1 plugins.
Preloading 0 native plugins for Editor in 0.00 ms.
Unloading 2096 Unused Serialized files (Serialized files now loaded: 0)
System memory in use before: 104.3 MB.
System memory in use after: 103.9 MB.

Unloading 15 unused Assets to reduce memory usage. Loaded Objects now: 2688.
Total: 2.845400 ms (FindLiveObjects: 0.346000 ms CreateObjectMapping: 0.141600 ms MarkObjects: 1.930400 ms  DeleteObjects: 0.426200 ms)

========================================================================
Received Prepare
Registering precompiled user dll's ...
Registered in 0.001813 seconds.
Begin MonoManager ReloadAssembly
Native extension for WindowsStandalone target not found
Refreshing native plugins compatible for Editor in 0.90 ms, found 1 plugins.
Preloading 0 native plugins for Editor in 0.00 ms.
Mono: successfully reloaded assembly
- Completed reload, in  1.725 seconds
Platform modules already initialized, skipping
Refreshing native plugins compatible for Editor in 0.86 ms, found 1 plugins.
Preloading 0 native plugins for Editor in 0.00 ms.
Unloading 2096 Unused Serialized files (Serialized files now loaded: 0)
System memory in use before: 104.3 MB.
System memory in use after: 103.9 MB.

Unloading 15 unused Assets to reduce memory usage. Loaded Objects now: 2692.
Total: 4.236800 ms (FindLiveObjects: 0.672600 ms CreateObjectMapping: 0.335800 ms MarkObjects: 2.791100 ms  DeleteObjects: 0.436100 ms)

========================================================================
Received Prepare
Registering precompiled user dll's ...
Registered in 0.001189 seconds.
Begin MonoManager ReloadAssembly
Native extension for WindowsStandalone target not found
Refreshing native plugins compatible for Editor in 0.42 ms, found 1 plugins.
Preloading 0 native plugins for Editor in 0.00 ms.
Mono: successfully reloaded assembly
- Completed reload, in  1.173 seconds
Platform modules already initialized, skipping
Refreshing native plugins compatible for Editor in 0.73 ms, found 1 plugins.
Preloading 0 native plugins for Editor in 0.00 ms.
Unloading 2096 Unused Serialized files (Serialized files now loaded: 0)
System memory in use before: 104.3 MB.
System memory in use after: 103.9 MB.

Unloading 15 unused Assets to reduce memory usage. Loaded Objects now: 2696.
Total: 4.025500 ms (FindLiveObjects: 0.360600 ms CreateObjectMapping: 0.131500 ms MarkObjects: 3.100900 ms  DeleteObjects: 0.430900 ms)

========================================================================
Received Prepare
Registering precompiled user dll's ...
Registered in 0.001197 seconds.
Begin MonoManager ReloadAssembly
Native extension for WindowsStandalone target not found
Refreshing native plugins compatible for Editor in 0.47 ms, found 1 plugins.
Preloading 0 native plugins for Editor in 0.00 ms.
Mono: successfully reloaded assembly
- Completed reload, in  1.227 seconds
Platform modules already initialized, skipping
Refreshing native plugins compatible for Editor in 0.47 ms, found 1 plugins.
Preloading 0 native plugins for Editor in 0.00 ms.
Unloading 2096 Unused Serialized files (Serialized files now loaded: 0)
System memory in use before: 104.3 MB.
System memory in use after: 103.9 MB.

Unloading 15 unused Assets to reduce memory usage. Loaded Objects now: 2700.
Total: 4.807500 ms (FindLiveObjects: 0.568900 ms CreateObjectMapping: 0.227800 ms MarkObjects: 3.593500 ms  DeleteObjects: 0.415200 ms)

========================================================================
Received Prepare
Registering precompiled user dll's ...
Registered in 0.001904 seconds.
Begin MonoManager ReloadAssembly
Native extension for WindowsStandalone target not found
Refreshing native plugins compatible for Editor in 0.44 ms, found 1 plugins.
Preloading 0 native plugins for Editor in 0.00 ms.
Mono: successfully reloaded assembly
- Completed reload, in  1.049 seconds
Platform modules already initialized, skipping
Refreshing native plugins compatible for Editor in 0.52 ms, found 1 plugins.
Preloading 0 native plugins for Editor in 0.00 ms.
Unloading 2096 Unused Serialized files (Serialized files now loaded: 0)
System memory in use before: 104.3 MB.
System memory in use after: 103.9 MB.

Unloading 15 unused Assets to reduce memory usage. Loaded Objects now: 2704.
Total: 3.712600 ms (FindLiveObjects: 0.316400 ms CreateObjectMapping: 0.216500 ms MarkObjects: 2.691100 ms  DeleteObjects: 0.486600 ms)

========================================================================
Received Prepare
Registering precompiled user dll's ...
Registered in 0.001252 seconds.
Begin MonoManager ReloadAssembly
Native extension for WindowsStandalone target not found
Refreshing native plugins compatible for Editor in 0.43 ms, found 1 plugins.
Preloading 0 native plugins for Editor in 0.00 ms.
Mono: successfully reloaded assembly
- Completed reload, in  1.143 seconds
Platform modules already initialized, skipping
Refreshing native plugins compatible for Editor in 0.44 ms, found 1 plugins.
Preloading 0 native plugins for Editor in 0.00 ms.
Unloading 2096 Unused Serialized files (Serialized files now loaded: 0)
System memory in use before: 104.3 MB.
System memory in use after: 103.9 MB.

Unloading 15 unused Assets to reduce memory usage. Loaded Objects now: 2708.
Total: 2.688000 ms (FindLiveObjects: 0.214800 ms CreateObjectMapping: 0.066100 ms MarkObjects: 2.007900 ms  DeleteObjects: 0.397900 ms)

========================================================================
Received Prepare
Registering precompiled user dll's ...
Registered in 0.001626 seconds.
Begin MonoManager ReloadAssembly
Native extension for WindowsStandalone target not found
Refreshing native plugins compatible for Editor in 0.44 ms, found 1 plugins.
Preloading 0 native plugins for Editor in 0.00 ms.
Mono: successfully reloaded assembly
- Completed reload, in  1.257 seconds
Platform modules already initialized, skipping
Refreshing native plugins compatible for Editor in 0.48 ms, found 1 plugins.
Preloading 0 native plugins for Editor in 0.00 ms.
Unloading 2096 Unused Serialized files (Serialized files now loaded: 0)
System memory in use before: 104.3 MB.
System memory in use after: 104.0 MB.

Unloading 15 unused Assets to reduce memory usage. Loaded Objects now: 2712.
Total: 2.583100 ms (FindLiveObjects: 0.328500 ms CreateObjectMapping: 0.122700 ms MarkObjects: 1.738000 ms  DeleteObjects: 0.392900 ms)

========================================================================
Received Prepare
Registering precompiled user dll's ...
Registered in 0.001135 seconds.
Begin MonoManager ReloadAssembly
Native extension for WindowsStandalone target not found
Refreshing native plugins compatible for Editor in 0.50 ms, found 1 plugins.
Preloading 0 native plugins for Editor in 0.00 ms.
Mono: successfully reloaded assembly
- Completed reload, in  1.329 seconds
Platform modules already initialized, skipping
Refreshing native plugins compatible for Editor in 0.63 ms, found 1 plugins.
Preloading 0 native plugins for Editor in 0.00 ms.
Unloading 2096 Unused Serialized files (Serialized files now loaded: 0)
System memory in use before: 104.4 MB.
System memory in use after: 104.1 MB.

Unloading 15 unused Assets to reduce memory usage. Loaded Objects now: 2716.
Total: 3.680100 ms (FindLiveObjects: 0.470200 ms CreateObjectMapping: 0.163000 ms MarkObjects: 2.646400 ms  DeleteObjects: 0.398400 ms)

========================================================================
Received Import Request.
  Time since last request: 1904.779006 seconds.
  path: Assets/Animations/Player.controller
  artifactKey: Guid(f8c24aa908c355c4e85d4fe4e4872a67) Importer(815301076,1909f56bfc062723c751e8b465ee728b)
Start importing Assets/Animations/Player.controller using Guid(f8c24aa908c355c4e85d4fe4e4872a67) Importer(815301076,1909f56bfc062723c751e8b465ee728b)  -> (artifact id: '387875bc240abedfdff7f700da44e6c1') in 0.023915 seconds
  Import took 0.029301 seconds .

========================================================================
Received Import Request.
  Time since last request: 114.070131 seconds.
  path: Assets/Animations/Player.controller
  artifactKey: Guid(f8c24aa908c355c4e85d4fe4e4872a67) Importer(815301076,1909f56bfc062723c751e8b465ee728b)
Start importing Assets/Animations/Player.controller using Guid(f8c24aa908c355c4e85d4fe4e4872a67) Importer(815301076,1909f56bfc062723c751e8b465ee728b)  -> (artifact id: 'ac6353ccab06c2303ad0838c90ba4ba2') in 0.008171 seconds
  Import took 0.015385 seconds .

========================================================================
Received Import Request.
  Time since last request: 0.462329 seconds.
  path: Assets/Animations/Player.controller
  artifactKey: Guid(f8c24aa908c355c4e85d4fe4e4872a67) Importer(815301076,1909f56bfc062723c751e8b465ee728b)
Start importing Assets/Animations/Player.controller using Guid(f8c24aa908c355c4e85d4fe4e4872a67) Importer(815301076,1909f56bfc062723c751e8b465ee728b)  -> (artifact id: '820baa84fbe60675adbda8fd41fe7584') in 0.007544 seconds
  Import took 0.011330 seconds .

========================================================================
Received Prepare
Registering precompiled user dll's ...
Registered in 0.001744 seconds.
Begin MonoManager ReloadAssembly
Native extension for WindowsStandalone target not found
Refreshing native plugins compatible for Editor in 2.73 ms, found 1 plugins.
Preloading 0 native plugins for Editor in 0.00 ms.
Mono: successfully reloaded assembly
- Completed reload, in  1.671 seconds
Platform modules already initialized, skipping
Refreshing native plugins compatible for Editor in 0.51 ms, found 1 plugins.
Preloading 0 native plugins for Editor in 0.00 ms.
Unloading 2096 Unused Serialized files (Serialized files now loaded: 0)
System memory in use before: 104.4 MB.
System memory in use after: 104.1 MB.

Unloading 15 unused Assets to reduce memory usage. Loaded Objects now: 2720.
Total: 4.525800 ms (FindLiveObjects: 0.517900 ms CreateObjectMapping: 0.209700 ms MarkObjects: 3.361900 ms  DeleteObjects: 0.434900 ms)

========================================================================
Received Prepare
Registering precompiled user dll's ...
Registered in 0.001222 seconds.
Begin MonoManager ReloadAssembly
Native extension for WindowsStandalone target not found
Refreshing native plugins compatible for Editor in 0.45 ms, found 1 plugins.
Preloading 0 native plugins for Editor in 0.00 ms.
Mono: successfully reloaded assembly
- Completed reload, in  1.205 seconds
Platform modules already initialized, skipping
Refreshing native plugins compatible for Editor in 0.43 ms, found 1 plugins.
Preloading 0 native plugins for Editor in 0.00 ms.
Unloading 2096 Unused Serialized files (Serialized files now loaded: 0)
System memory in use before: 104.4 MB.
System memory in use after: 104.2 MB.

Unloading 15 unused Assets to reduce memory usage. Loaded Objects now: 2724.
Total: 2.689000 ms (FindLiveObjects: 0.272600 ms CreateObjectMapping: 0.117200 ms MarkObjects: 1.894900 ms  DeleteObjects: 0.402800 ms)

========================================================================
Received Import Request.
  Time since last request: 140.372240 seconds.
  path: Assets/Animations/Player.controller
  artifactKey: Guid(f8c24aa908c355c4e85d4fe4e4872a67) Importer(815301076,1909f56bfc062723c751e8b465ee728b)
Start importing Assets/Animations/Player.controller using Guid(f8c24aa908c355c4e85d4fe4e4872a67) Importer(815301076,1909f56bfc062723c751e8b465ee728b)  -> (artifact id: 'f7c58fc0dd64839fa40ebd5c8e152d2d') in 0.015653 seconds
  Import took 0.019494 seconds .

========================================================================
Received Import Request.
  Time since last request: 42.941352 seconds.
  path: Assets/Animations/Jump 1.anim
  artifactKey: Guid(82197c349bc07884dafaab883bc1a04a) Importer(815301076,1909f56bfc062723c751e8b465ee728b)
Start importing Assets/Animations/Jump 1.anim using Guid(82197c349bc07884dafaab883bc1a04a) Importer(815301076,1909f56bfc062723c751e8b465ee728b)  -> (artifact id: 'dfb2810a3698f7af63bfe8d59ded1dec') in 0.005582 seconds
  Import took 0.009961 seconds .

========================================================================
Received Import Request.
  Time since last request: 6.599987 seconds.
  path: Assets/Animations/Takeoff.anim
  artifactKey: Guid(82197c349bc07884dafaab883bc1a04a) Importer(815301076,1909f56bfc062723c751e8b465ee728b)
Start importing Assets/Animations/Takeoff.anim using Guid(82197c349bc07884dafaab883bc1a04a) Importer(815301076,1909f56bfc062723c751e8b465ee728b)  -> (artifact id: '0f8f1c677f2b777df100fb26fd0a253b') in 0.007239 seconds
  Import took 0.011837 seconds .

========================================================================
Received Import Request.
  Time since last request: 11.423975 seconds.
  path: Assets/Animations/Midair.anim
  artifactKey: Guid(53e650c8ad651db4993b2fe09673f941) Importer(815301076,1909f56bfc062723c751e8b465ee728b)
Start importing Assets/Animations/Midair.anim using Guid(53e650c8ad651db4993b2fe09673f941) Importer(815301076,1909f56bfc062723c751e8b465ee728b)  -> (artifact id: 'b6b2ca864b15a82900c859d2337a0045') in 0.006301 seconds
  Import took 0.011382 seconds .

========================================================================
Received Import Request.
  Time since last request: 1.164366 seconds.
  path: Assets/Animations/Midair 1.anim
  artifactKey: Guid(5c0af639d65b58d45a07fef5b72f0f26) Importer(815301076,1909f56bfc062723c751e8b465ee728b)
Start importing Assets/Animations/Midair 1.anim using Guid(5c0af639d65b58d45a07fef5b72f0f26) Importer(815301076,1909f56bfc062723c751e8b465ee728b)  -> (artifact id: 'd708bc664ce8119df6e5aeeec4bfc296') in 0.005185 seconds
  Import took 0.009150 seconds .

========================================================================
Received Import Request.
  Time since last request: 3.857824 seconds.
  path: Assets/Animations/Land.anim
  artifactKey: Guid(5c0af639d65b58d45a07fef5b72f0f26) Importer(815301076,1909f56bfc062723c751e8b465ee728b)
Start importing Assets/Animations/Land.anim using Guid(5c0af639d65b58d45a07fef5b72f0f26) Importer(815301076,1909f56bfc062723c751e8b465ee728b)  -> (artifact id: 'f99d82d87db092565e2c517327fa51e9') in 0.005766 seconds
  Import took 0.012501 seconds .

========================================================================
Received Import Request.
  Time since last request: 58.097470 seconds.
  path: Assets/Animations/Midair.anim
  artifactKey: Guid(53e650c8ad651db4993b2fe09673f941) Importer(815301076,1909f56bfc062723c751e8b465ee728b)
Start importing Assets/Animations/Midair.anim using Guid(53e650c8ad651db4993b2fe09673f941) Importer(815301076,1909f56bfc062723c751e8b465ee728b)  -> (artifact id: 'e93c1de14bf0b8ec7a1770a15687d302') in 0.008456 seconds
  Import took 0.013728 seconds .

========================================================================
Received Import Request.
  Time since last request: 9.016140 seconds.
  path: Assets/Animations/Takeoff.anim
  artifactKey: Guid(82197c349bc07884dafaab883bc1a04a) Importer(815301076,1909f56bfc062723c751e8b465ee728b)
Start importing Assets/Animations/Takeoff.anim using Guid(82197c349bc07884dafaab883bc1a04a) Importer(815301076,1909f56bfc062723c751e8b465ee728b)  -> (artifact id: '56daef7d8fb5ecbec9cd6d9272dc994d') in 0.003213 seconds
  Import took 0.008272 seconds .

========================================================================
Received Import Request.
  Time since last request: 50.587723 seconds.
  path: Assets/Animations/Land.anim
  artifactKey: Guid(5c0af639d65b58d45a07fef5b72f0f26) Importer(815301076,1909f56bfc062723c751e8b465ee728b)
Start importing Assets/Animations/Land.anim using Guid(5c0af639d65b58d45a07fef5b72f0f26) Importer(815301076,1909f56bfc062723c751e8b465ee728b)  -> (artifact id: '74b9ecd124c1f021faf0347c91b1d156') in 0.005580 seconds
  Import took 0.008958 seconds .

========================================================================
Received Import Request.
  Time since last request: 225.814784 seconds.
  path: Assets/Animations/Player.controller
  artifactKey: Guid(f8c24aa908c355c4e85d4fe4e4872a67) Importer(815301076,1909f56bfc062723c751e8b465ee728b)
Start importing Assets/Animations/Player.controller using Guid(f8c24aa908c355c4e85d4fe4e4872a67) Importer(815301076,1909f56bfc062723c751e8b465ee728b)  -> (artifact id: '31f7346de8017d63fcb99cf3a6ecba3e') in 0.008443 seconds
  Import took 0.012361 seconds .

========================================================================
Received Import Request.
  Time since last request: 95.773974 seconds.
  path: Assets/Animations/Player.controller
  artifactKey: Guid(f8c24aa908c355c4e85d4fe4e4872a67) Importer(815301076,1909f56bfc062723c751e8b465ee728b)
Start importing Assets/Animations/Player.controller using Guid(f8c24aa908c355c4e85d4fe4e4872a67) Importer(815301076,1909f56bfc062723c751e8b465ee728b)  -> (artifact id: '1bd52d1f64c98357b9cb1c02b74c7dc0') in 0.005275 seconds
  Import took 0.009132 seconds .

========================================================================
Received Import Request.
  Time since last request: 0.917663 seconds.
  path: Assets/Animations/Player.controller
  artifactKey: Guid(f8c24aa908c355c4e85d4fe4e4872a67) Importer(815301076,1909f56bfc062723c751e8b465ee728b)
Start importing Assets/Animations/Player.controller using Guid(f8c24aa908c355c4e85d4fe4e4872a67) Importer(815301076,1909f56bfc062723c751e8b465ee728b)  -> (artifact id: '826a4115a565c34ba532152d61aee6cb') in 0.007513 seconds
  Import took 0.011087 seconds .

========================================================================
Received Prepare
Registering precompiled user dll's ...
Registered in 0.001120 seconds.
Begin MonoManager ReloadAssembly
Native extension for WindowsStandalone target not found
Refreshing native plugins compatible for Editor in 0.50 ms, found 1 plugins.
Preloading 0 native plugins for Editor in 0.00 ms.
Mono: successfully reloaded assembly
- Completed reload, in  1.152 seconds
Platform modules already initialized, skipping
Refreshing native plugins compatible for Editor in 0.42 ms, found 1 plugins.
Preloading 0 native plugins for Editor in 0.00 ms.
Unloading 2096 Unused Serialized files (Serialized files now loaded: 0)
System memory in use before: 104.5 MB.
System memory in use after: 104.2 MB.

Unloading 15 unused Assets to reduce memory usage. Loaded Objects now: 2728.
Total: 3.176300 ms (FindLiveObjects: 0.283200 ms CreateObjectMapping: 0.123400 ms MarkObjects: 2.334400 ms  DeleteObjects: 0.433700 ms)

========================================================================
Received Prepare
Registering precompiled user dll's ...
Registered in 0.001141 seconds.
Begin MonoManager ReloadAssembly
Native extension for WindowsStandalone target not found
Refreshing native plugins compatible for Editor in 0.48 ms, found 1 plugins.
Preloading 0 native plugins for Editor in 0.00 ms.
Mono: successfully reloaded assembly
- Completed reload, in  1.048 seconds
Platform modules already initialized, skipping
Refreshing native plugins compatible for Editor in 0.42 ms, found 1 plugins.
Preloading 0 native plugins for Editor in 0.00 ms.
Unloading 2096 Unused Serialized files (Serialized files now loaded: 0)
System memory in use before: 104.5 MB.
System memory in use after: 104.2 MB.

Unloading 15 unused Assets to reduce memory usage. Loaded Objects now: 2732.
Total: 4.095300 ms (FindLiveObjects: 0.312500 ms CreateObjectMapping: 0.681400 ms MarkObjects: 2.656100 ms  DeleteObjects: 0.444100 ms)

========================================================================
Received Prepare
Registering precompiled user dll's ...
Registered in 0.001236 seconds.
Begin MonoManager ReloadAssembly
Native extension for WindowsStandalone target not found
Refreshing native plugins compatible for Editor in 0.67 ms, found 1 plugins.
Preloading 0 native plugins for Editor in 0.00 ms.
Mono: successfully reloaded assembly
- Completed reload, in  1.005 seconds
Platform modules already initialized, skipping
Refreshing native plugins compatible for Editor in 0.52 ms, found 1 plugins.
Preloading 0 native plugins for Editor in 0.00 ms.
Unloading 2096 Unused Serialized files (Serialized files now loaded: 0)
System memory in use before: 104.5 MB.
System memory in use after: 104.2 MB.

Unloading 15 unused Assets to reduce memory usage. Loaded Objects now: 2736.
Total: 2.832800 ms (FindLiveObjects: 0.235600 ms CreateObjectMapping: 0.093100 ms MarkObjects: 2.093900 ms  DeleteObjects: 0.409300 ms)

========================================================================
Received Prepare
Registering precompiled user dll's ...
Registered in 0.001224 seconds.
Begin MonoManager ReloadAssembly
Native extension for WindowsStandalone target not found
Refreshing native plugins compatible for Editor in 0.55 ms, found 1 plugins.
Preloading 0 native plugins for Editor in 0.00 ms.
Mono: successfully reloaded assembly
- Completed reload, in  1.083 seconds
Platform modules already initialized, skipping
Refreshing native plugins compatible for Editor in 0.42 ms, found 1 plugins.
Preloading 0 native plugins for Editor in 0.00 ms.
Unloading 2096 Unused Serialized files (Serialized files now loaded: 0)
System memory in use before: 104.5 MB.
System memory in use after: 104.2 MB.

Unloading 15 unused Assets to reduce memory usage. Loaded Objects now: 2740.
Total: 2.714000 ms (FindLiveObjects: 0.309900 ms CreateObjectMapping: 0.111200 ms MarkObjects: 1.866500 ms  DeleteObjects: 0.425300 ms)

========================================================================
Received Prepare
Registering precompiled user dll's ...
Registered in 0.001842 seconds.
Begin MonoManager ReloadAssembly
Native extension for WindowsStandalone target not found
Refreshing native plugins compatible for Editor in 0.42 ms, found 1 plugins.
Preloading 0 native plugins for Editor in 0.00 ms.
Mono: successfully reloaded assembly
- Completed reload, in  0.975 seconds
Platform modules already initialized, skipping
Refreshing native plugins compatible for Editor in 0.42 ms, found 1 plugins.
Preloading 0 native plugins for Editor in 0.00 ms.
Unloading 2096 Unused Serialized files (Serialized files now loaded: 0)
System memory in use before: 104.5 MB.
System memory in use after: 104.2 MB.

Unloading 15 unused Assets to reduce memory usage. Loaded Objects now: 2744.
Total: 2.754100 ms (FindLiveObjects: 0.269900 ms CreateObjectMapping: 0.113000 ms MarkObjects: 1.973800 ms  DeleteObjects: 0.395900 ms)

========================================================================
Received Prepare
Registering precompiled user dll's ...
Registered in 0.001127 seconds.
Begin MonoManager ReloadAssembly
Native extension for WindowsStandalone target not found
Refreshing native plugins compatible for Editor in 0.43 ms, found 1 plugins.
Preloading 0 native plugins for Editor in 0.00 ms.
Mono: successfully reloaded assembly
- Completed reload, in  0.912 seconds
Platform modules already initialized, skipping
Refreshing native plugins compatible for Editor in 0.47 ms, found 1 plugins.
Preloading 0 native plugins for Editor in 0.00 ms.
Unloading 2096 Unused Serialized files (Serialized files now loaded: 0)
System memory in use before: 104.5 MB.
System memory in use after: 104.2 MB.

Unloading 15 unused Assets to reduce memory usage. Loaded Objects now: 2748.
Total: 3.475400 ms (FindLiveObjects: 0.329800 ms CreateObjectMapping: 0.139000 ms MarkObjects: 2.577000 ms  DeleteObjects: 0.428400 ms)

========================================================================
Received Prepare
Registering precompiled user dll's ...
Registered in 0.001156 seconds.
Begin MonoManager ReloadAssembly
Native extension for WindowsStandalone target not found
Refreshing native plugins compatible for Editor in 0.44 ms, found 1 plugins.
Preloading 0 native plugins for Editor in 0.00 ms.
Mono: successfully reloaded assembly
- Completed reload, in  0.919 seconds
Platform modules already initialized, skipping
Refreshing native plugins compatible for Editor in 0.65 ms, found 1 plugins.
Preloading 0 native plugins for Editor in 0.00 ms.
Unloading 2096 Unused Serialized files (Serialized files now loaded: 0)
System memory in use before: 104.5 MB.
System memory in use after: 104.2 MB.

Unloading 15 unused Assets to reduce memory usage. Loaded Objects now: 2752.
Total: 2.693000 ms (FindLiveObjects: 0.348200 ms CreateObjectMapping: 0.110700 ms MarkObjects: 1.806900 ms  DeleteObjects: 0.425500 ms)

========================================================================
Received Prepare
Registering precompiled user dll's ...
Registered in 0.001675 seconds.
Begin MonoManager ReloadAssembly
Native extension for WindowsStandalone target not found
Refreshing native plugins compatible for Editor in 0.43 ms, found 1 plugins.
Preloading 0 native plugins for Editor in 0.00 ms.
Mono: successfully reloaded assembly
- Completed reload, in  1.118 seconds
Platform modules already initialized, skipping
Refreshing native plugins compatible for Editor in 0.43 ms, found 1 plugins.
Preloading 0 native plugins for Editor in 0.00 ms.
Unloading 2096 Unused Serialized files (Serialized files now loaded: 0)
System memory in use before: 104.5 MB.
System memory in use after: 104.3 MB.

Unloading 15 unused Assets to reduce memory usage. Loaded Objects now: 2756.
Total: 2.640900 ms (FindLiveObjects: 0.263400 ms CreateObjectMapping: 0.089000 ms MarkObjects: 1.890500 ms  DeleteObjects: 0.396600 ms)

========================================================================
Received Prepare
Registering precompiled user dll's ...
Registered in 0.001132 seconds.
Begin MonoManager ReloadAssembly
Native extension for WindowsStandalone target not found
Refreshing native plugins compatible for Editor in 0.44 ms, found 1 plugins.
Preloading 0 native plugins for Editor in 0.00 ms.
Mono: successfully reloaded assembly
- Completed reload, in  1.043 seconds
Platform modules already initialized, skipping
Refreshing native plugins compatible for Editor in 0.45 ms, found 1 plugins.
Preloading 0 native plugins for Editor in 0.00 ms.
Unloading 2096 Unused Serialized files (Serialized files now loaded: 0)
System memory in use before: 104.5 MB.
System memory in use after: 104.3 MB.

Unloading 15 unused Assets to reduce memory usage. Loaded Objects now: 2760.
Total: 3.549600 ms (FindLiveObjects: 0.354300 ms CreateObjectMapping: 0.110000 ms MarkObjects: 2.557600 ms  DeleteObjects: 0.525400 ms)

========================================================================
Received Import Request.
  Time since last request: 607.177908 seconds.
  path: Assets/Animations/Player.controller
  artifactKey: Guid(f8c24aa908c355c4e85d4fe4e4872a67) Importer(815301076,1909f56bfc062723c751e8b465ee728b)
Start importing Assets/Animations/Player.controller using Guid(f8c24aa908c355c4e85d4fe4e4872a67) Importer(815301076,1909f56bfc062723c751e8b465ee728b)  -> (artifact id: 'e922c14a0f2ee540c153233c3cc5d0b9') in 0.018298 seconds
  Import took 0.021886 seconds .

========================================================================
Received Prepare
Registering precompiled user dll's ...
Registered in 0.001209 seconds.
Begin MonoManager ReloadAssembly
Native extension for WindowsStandalone target not found
Refreshing native plugins compatible for Editor in 0.76 ms, found 1 plugins.
Preloading 0 native plugins for Editor in 0.00 ms.
Mono: successfully reloaded assembly
- Completed reload, in  1.086 seconds
Platform modules already initialized, skipping
Refreshing native plugins compatible for Editor in 0.50 ms, found 1 plugins.
Preloading 0 native plugins for Editor in 0.00 ms.
Unloading 2096 Unused Serialized files (Serialized files now loaded: 0)
System memory in use before: 104.6 MB.
System memory in use after: 104.3 MB.

Unloading 15 unused Assets to reduce memory usage. Loaded Objects now: 2764.
Total: 3.869100 ms (FindLiveObjects: 0.276500 ms CreateObjectMapping: 0.113300 ms MarkObjects: 2.824500 ms  DeleteObjects: 0.653200 ms)

========================================================================
Received Prepare
Registering precompiled user dll's ...
Registered in 0.001374 seconds.
Begin MonoManager ReloadAssembly
Native extension for WindowsStandalone target not found
Refreshing native plugins compatible for Editor in 0.46 ms, found 1 plugins.
Preloading 0 native plugins for Editor in 0.00 ms.
Mono: successfully reloaded assembly
- Completed reload, in  0.996 seconds
Platform modules already initialized, skipping
Refreshing native plugins compatible for Editor in 0.49 ms, found 1 plugins.
Preloading 0 native plugins for Editor in 0.00 ms.
Unloading 2096 Unused Serialized files (Serialized files now loaded: 0)
System memory in use before: 104.6 MB.
System memory in use after: 104.3 MB.

Unloading 15 unused Assets to reduce memory usage. Loaded Objects now: 2768.
Total: 3.495900 ms (FindLiveObjects: 0.384500 ms CreateObjectMapping: 0.167500 ms MarkObjects: 2.521000 ms  DeleteObjects: 0.421600 ms)

========================================================================
Received Prepare
Registering precompiled user dll's ...
Registered in 0.001870 seconds.
Begin MonoManager ReloadAssembly
Native extension for WindowsStandalone target not found
Refreshing native plugins compatible for Editor in 0.69 ms, found 1 plugins.
Preloading 0 native plugins for Editor in 0.00 ms.
Mono: successfully reloaded assembly
- Completed reload, in  1.088 seconds
Platform modules already initialized, skipping
Refreshing native plugins compatible for Editor in 0.44 ms, found 1 plugins.
Preloading 0 native plugins for Editor in 0.00 ms.
Unloading 2096 Unused Serialized files (Serialized files now loaded: 0)
System memory in use before: 104.6 MB.
System memory in use after: 104.3 MB.

Unloading 15 unused Assets to reduce memory usage. Loaded Objects now: 2772.
Total: 2.785800 ms (FindLiveObjects: 0.238500 ms CreateObjectMapping: 0.086100 ms MarkObjects: 2.057400 ms  DeleteObjects: 0.403000 ms)

========================================================================
Received Prepare
Registering precompiled user dll's ...
Registered in 0.001712 seconds.
Begin MonoManager ReloadAssembly
Native extension for WindowsStandalone target not found
Refreshing native plugins compatible for Editor in 0.53 ms, found 1 plugins.
Preloading 0 native plugins for Editor in 0.00 ms.
Mono: successfully reloaded assembly
- Completed reload, in  1.083 seconds
Platform modules already initialized, skipping
Refreshing native plugins compatible for Editor in 0.46 ms, found 1 plugins.
Preloading 0 native plugins for Editor in 0.00 ms.
Unloading 2096 Unused Serialized files (Serialized files now loaded: 0)
System memory in use before: 104.6 MB.
System memory in use after: 104.3 MB.

Unloading 15 unused Assets to reduce memory usage. Loaded Objects now: 2776.
Total: 3.195100 ms (FindLiveObjects: 0.436200 ms CreateObjectMapping: 0.145500 ms MarkObjects: 2.125800 ms  DeleteObjects: 0.485400 ms)

========================================================================
Received Prepare
Registering precompiled user dll's ...
Registered in 0.001509 seconds.
Begin MonoManager ReloadAssembly
Native extension for WindowsStandalone target not found
Refreshing native plugins compatible for Editor in 0.44 ms, found 1 plugins.
Preloading 0 native plugins for Editor in 0.00 ms.
Mono: successfully reloaded assembly
- Completed reload, in  1.071 seconds
Platform modules already initialized, skipping
Refreshing native plugins compatible for Editor in 0.43 ms, found 1 plugins.
Preloading 0 native plugins for Editor in 0.00 ms.
Unloading 2096 Unused Serialized files (Serialized files now loaded: 0)
System memory in use before: 104.6 MB.
System memory in use after: 104.3 MB.

Unloading 15 unused Assets to reduce memory usage. Loaded Objects now: 2780.
Total: 2.894200 ms (FindLiveObjects: 0.302100 ms CreateObjectMapping: 0.091000 ms MarkObjects: 2.097600 ms  DeleteObjects: 0.402300 ms)

========================================================================
Received Prepare
Registering precompiled user dll's ...
Registered in 0.001121 seconds.
Begin MonoManager ReloadAssembly
Native extension for WindowsStandalone target not found
Refreshing native plugins compatible for Editor in 0.42 ms, found 1 plugins.
Preloading 0 native plugins for Editor in 0.00 ms.
Mono: successfully reloaded assembly
- Completed reload, in  1.000 seconds
Platform modules already initialized, skipping
Refreshing native plugins compatible for Editor in 0.46 ms, found 1 plugins.
Preloading 0 native plugins for Editor in 0.00 ms.
Unloading 2096 Unused Serialized files (Serialized files now loaded: 0)
System memory in use before: 104.6 MB.
System memory in use after: 104.3 MB.

Unloading 15 unused Assets to reduce memory usage. Loaded Objects now: 2784.
Total: 5.573100 ms (FindLiveObjects: 0.841100 ms CreateObjectMapping: 0.263200 ms MarkObjects: 3.752300 ms  DeleteObjects: 0.713500 ms)

========================================================================
Received Prepare
Registering precompiled user dll's ...
Registered in 0.001408 seconds.
Begin MonoManager ReloadAssembly
Native extension for WindowsStandalone target not found
Refreshing native plugins compatible for Editor in 0.42 ms, found 1 plugins.
Preloading 0 native plugins for Editor in 0.00 ms.
Mono: successfully reloaded assembly
- Completed reload, in  1.252 seconds
Platform modules already initialized, skipping
Refreshing native plugins compatible for Editor in 0.42 ms, found 1 plugins.
Preloading 0 native plugins for Editor in 0.00 ms.
Unloading 2096 Unused Serialized files (Serialized files now loaded: 0)
System memory in use before: 104.6 MB.
System memory in use after: 104.3 MB.

Unloading 15 unused Assets to reduce memory usage. Loaded Objects now: 2788.
Total: 2.977600 ms (FindLiveObjects: 0.467700 ms CreateObjectMapping: 0.177200 ms MarkObjects: 1.873600 ms  DeleteObjects: 0.456000 ms)

========================================================================
Received Import Request.
  Time since last request: 374.388118 seconds.
  path: Assets/Animations/Player.controller
  artifactKey: Guid(f8c24aa908c355c4e85d4fe4e4872a67) Importer(815301076,1909f56bfc062723c751e8b465ee728b)
Start importing Assets/Animations/Player.controller using Guid(f8c24aa908c355c4e85d4fe4e4872a67) Importer(815301076,1909f56bfc062723c751e8b465ee728b)  -> (artifact id: 'cd72718c3b6801ce479487f8a282be4b') in 0.024035 seconds
  Import took 0.029471 seconds .

========================================================================
Received Prepare
Registering precompiled user dll's ...
Registered in 0.001382 seconds.
Begin MonoManager ReloadAssembly
Native extension for WindowsStandalone target not found
Refreshing native plugins compatible for Editor in 0.66 ms, found 1 plugins.
Preloading 0 native plugins for Editor in 0.00 ms.
Mono: successfully reloaded assembly
- Completed reload, in  1.033 seconds
Platform modules already initialized, skipping
Refreshing native plugins compatible for Editor in 0.55 ms, found 1 plugins.
Preloading 0 native plugins for Editor in 0.00 ms.
Unloading 2096 Unused Serialized files (Serialized files now loaded: 0)
System memory in use before: 104.6 MB.
System memory in use after: 104.3 MB.

Unloading 15 unused Assets to reduce memory usage. Loaded Objects now: 2792.
Total: 3.001800 ms (FindLiveObjects: 0.399200 ms CreateObjectMapping: 0.144500 ms MarkObjects: 2.048300 ms  DeleteObjects: 0.408600 ms)

========================================================================
Received Prepare
Registering precompiled user dll's ...
Registered in 0.001780 seconds.
Begin MonoManager ReloadAssembly
Native extension for WindowsStandalone target not found
Refreshing native plugins compatible for Editor in 0.43 ms, found 1 plugins.
Preloading 0 native plugins for Editor in 0.00 ms.
Mono: successfully reloaded assembly
- Completed reload, in  0.985 seconds
Platform modules already initialized, skipping
Refreshing native plugins compatible for Editor in 0.48 ms, found 1 plugins.
Preloading 0 native plugins for Editor in 0.00 ms.
Unloading 2096 Unused Serialized files (Serialized files now loaded: 0)
System memory in use before: 104.6 MB.
System memory in use after: 104.3 MB.

Unloading 15 unused Assets to reduce memory usage. Loaded Objects now: 2796.
Total: 5.517500 ms (FindLiveObjects: 0.638600 ms CreateObjectMapping: 0.279200 ms MarkObjects: 3.750000 ms  DeleteObjects: 0.847000 ms)

========================================================================
Received Prepare
Registering precompiled user dll's ...
Registered in 0.001799 seconds.
Begin MonoManager ReloadAssembly
Native extension for WindowsStandalone target not found
Refreshing native plugins compatible for Editor in 0.41 ms, found 1 plugins.
Preloading 0 native plugins for Editor in 0.00 ms.
Mono: successfully reloaded assembly
- Completed reload, in  0.956 seconds
Platform modules already initialized, skipping
Refreshing native plugins compatible for Editor in 0.43 ms, found 1 plugins.
Preloading 0 native plugins for Editor in 0.00 ms.
Unloading 2096 Unused Serialized files (Serialized files now loaded: 0)
System memory in use before: 104.6 MB.
System memory in use after: 104.3 MB.

Unloading 15 unused Assets to reduce memory usage. Loaded Objects now: 2800.
Total: 3.145200 ms (FindLiveObjects: 0.530500 ms CreateObjectMapping: 0.151000 ms MarkObjects: 2.072300 ms  DeleteObjects: 0.389900 ms)

========================================================================
Received Prepare
Registering precompiled user dll's ...
Registered in 0.001179 seconds.
Begin MonoManager ReloadAssembly
Native extension for WindowsStandalone target not found
Refreshing native plugins compatible for Editor in 0.43 ms, found 1 plugins.
Preloading 0 native plugins for Editor in 0.00 ms.
Mono: successfully reloaded assembly
- Completed reload, in  1.035 seconds
Platform modules already initialized, skipping
Refreshing native plugins compatible for Editor in 0.41 ms, found 1 plugins.
Preloading 0 native plugins for Editor in 0.00 ms.
Unloading 2096 Unused Serialized files (Serialized files now loaded: 0)
System memory in use before: 104.6 MB.
System memory in use after: 104.4 MB.

Unloading 15 unused Assets to reduce memory usage. Loaded Objects now: 2804.
Total: 2.652300 ms (FindLiveObjects: 0.293700 ms CreateObjectMapping: 0.120500 ms MarkObjects: 1.844000 ms  DeleteObjects: 0.392500 ms)

========================================================================
Received Prepare
Registering precompiled user dll's ...
Registered in 0.001290 seconds.
Begin MonoManager ReloadAssembly
Native extension for WindowsStandalone target not found
Refreshing native plugins compatible for Editor in 0.43 ms, found 1 plugins.
Preloading 0 native plugins for Editor in 0.00 ms.
Mono: successfully reloaded assembly
- Completed reload, in  0.935 seconds
Platform modules already initialized, skipping
Refreshing native plugins compatible for Editor in 0.43 ms, found 1 plugins.
Preloading 0 native plugins for Editor in 0.00 ms.
Unloading 2096 Unused Serialized files (Serialized files now loaded: 0)
System memory in use before: 104.6 MB.
System memory in use after: 104.4 MB.

Unloading 15 unused Assets to reduce memory usage. Loaded Objects now: 2808.
Total: 3.704900 ms (FindLiveObjects: 0.291200 ms CreateObjectMapping: 0.116700 ms MarkObjects: 2.754300 ms  DeleteObjects: 0.541200 ms)

========================================================================
Received Prepare
Registering precompiled user dll's ...
Registered in 0.001105 seconds.
Begin MonoManager ReloadAssembly
Native extension for WindowsStandalone target not found
Refreshing native plugins compatible for Editor in 0.44 ms, found 1 plugins.
Preloading 0 native plugins for Editor in 0.00 ms.
Mono: successfully reloaded assembly
- Completed reload, in  0.985 seconds
Platform modules already initialized, skipping
Refreshing native plugins compatible for Editor in 0.43 ms, found 1 plugins.
Preloading 0 native plugins for Editor in 0.00 ms.
Unloading 2096 Unused Serialized files (Serialized files now loaded: 0)
System memory in use before: 104.7 MB.
System memory in use after: 104.4 MB.

Unloading 15 unused Assets to reduce memory usage. Loaded Objects now: 2812.
Total: 2.763000 ms (FindLiveObjects: 0.331400 ms CreateObjectMapping: 0.145600 ms MarkObjects: 1.885600 ms  DeleteObjects: 0.399500 ms)

========================================================================
Received Prepare
Registering precompiled user dll's ...
Registered in 0.001491 seconds.
Begin MonoManager ReloadAssembly
Native extension for WindowsStandalone target not found
Refreshing native plugins compatible for Editor in 0.47 ms, found 1 plugins.
Preloading 0 native plugins for Editor in 0.00 ms.
Mono: successfully reloaded assembly
- Completed reload, in  0.912 seconds
Platform modules already initialized, skipping
Refreshing native plugins compatible for Editor in 0.75 ms, found 1 plugins.
Preloading 0 native plugins for Editor in 0.00 ms.
Unloading 2096 Unused Serialized files (Serialized files now loaded: 0)
System memory in use before: 104.6 MB.
System memory in use after: 104.4 MB.

Unloading 15 unused Assets to reduce memory usage. Loaded Objects now: 2816.
Total: 3.416600 ms (FindLiveObjects: 0.328000 ms CreateObjectMapping: 0.116600 ms MarkObjects: 2.533900 ms  DeleteObjects: 0.436800 ms)

AssetImportWorkerClient::OnTransportError - code=2 error=End of file
